{
    "type": [
        3,
        0,
        1,
        0,
        1,
        3,
        3,
        3,
        0,
        0,
        1,
        0,
        1,
        0,
        1,
        0,
        1,
        0,
        1,
        0,
        1,
        0,
        1,
        0,
        1,
        0,
        1,
        0,
        1,
        0,
        1,
        0,
        0,
        0,
        1,
        0,
        0,
        1,
        2,
        0,
        0,
        1,
        0,
        1,
        0,
        0,
        1,
        0,
        1,
        0,
        1,
        0,
        1,
        3,
        0,
        1,
        0,
        1,
        3,
        3,
        0,
        2,
        2,
        3,
        0,
        1,
        3,
        0,
        1,
        0,
        1,
        0,
        1,
        0,
        1,
        0,
        1,
        0,
        1,
        0,
        1,
        0,
        1,
        0,
        1,
        0,
        1,
        0,
        1,
        0,
        0,
        0,
        1,
        0,
        0,
        1,
        2,
        0,
        0,
        1,
        0,
        1,
        0,
        0,
        1,
        0,
        1,
        0,
        1,
        0,
        1,
        3,
        0,
        1,
        0,
        1,
        3,
        3,
        3,
        3,
        3,
        3,
        3,
        3,
        3,
        3,
        3,
        0,
        0,
        1,
        0,
        1,
        0,
        0,
        1,
        0,
        1,
        0,
        1,
        0,
        1,
        3,
        0,
        1,
        0,
        1,
        3,
        3,
        3,
        3,
        3,
        3,
        3,
        3,
        3,
        3,
        3,
        0,
        0,
        1,
        0,
        1,
        0,
        0,
        1,
        0,
        1,
        0,
        1,
        0,
        1,
        3,
        0,
        1,
        0,
        1,
        3,
        3,
        3,
        3,
        3,
        3,
        3,
        3,
        3,
        3,
        3,
        0,
        0,
        1,
        0,
        1,
        0,
        0,
        1,
        0,
        1,
        0,
        1,
        0,
        1,
        3,
        0,
        1,
        0,
        1,
        0,
        3,
        3,
        3,
        3,
        3,
        3,
        0,
        1,
        3,
        3,
        3,
        3,
        3,
        3,
        3,
        3,
        3,
        3,
        3,
        0,
        1,
        0,
        1,
        0,
        1,
        0,
        1,
        0,
        1,
        0,
        1,
        0,
        1,
        0,
        1,
        0,
        1,
        0,
        1,
        0,
        1,
        0,
        0,
        1,
        0,
        1,
        0,
        1,
        0,
        0,
        1,
        0,
        1,
        0,
        0,
        1,
        0,
        1,
        0,
        1,
        0,
        1,
        3,
        0,
        1,
        0,
        1,
        3,
        3,
        3,
        3,
        3,
        3,
        3,
        3,
        3,
        3,
        3,
        0,
        0,
        0,
        1,
        0,
        1,
        0,
        0,
        1,
        0,
        1,
        0,
        1,
        0,
        1,
        3,
        0,
        1,
        0,
        1,
        3,
        3,
        3,
        3,
        3,
        3,
        3,
        3,
        3,
        3,
        3,
        0,
        1,
        0,
        0,
        1,
        0,
        1,
        0,
        1,
        0,
        1,
        0,
        1,
        0,
        1,
        0,
        1,
        0,
        1,
        0,
        0,
        1,
        0,
        1,
        0,
        0,
        1,
        0,
        1,
        0,
        1,
        0,
        1,
        3,
        0,
        1,
        0,
        1,
        0,
        1,
        0,
        0,
        1,
        0,
        1,
        0,
        1,
        0,
        1,
        0,
        1,
        0,
        1,
        0,
        1,
        0,
        1,
        0,
        0,
        1,
        0,
        1,
        0,
        0,
        1,
        0,
        1,
        0,
        1,
        0,
        1,
        3,
        3,
        3,
        3,
        3,
        3,
        0,
        1,
        0,
        1,
        0,
        1,
        0,
        0,
        1,
        0,
        1,
        0,
        1,
        0,
        1,
        0,
        1,
        0,
        1,
        0,
        1,
        0,
        1,
        3,
        0,
        0,
        1,
        0,
        1,
        0,
        0,
        1,
        0,
        1,
        0,
        1,
        0,
        1,
        3,
        0,
        1,
        0,
        1,
        0,
        1,
        0,
        0,
        1,
        0,
        1,
        0,
        1,
        0,
        1,
        0,
        1,
        0,
        1,
        0,
        1,
        0,
        1,
        3,
        0,
        0,
        1,
        0,
        1,
        0,
        0,
        1,
        0,
        1,
        0,
        1,
        0,
        1,
        3,
        0,
        1,
        0,
        1,
        3,
        3,
        3,
        3,
        3,
        3,
        3,
        3,
        3,
        3,
        3,
        0,
        0,
        1,
        0,
        0,
        1,
        0,
        1,
        0,
        1,
        0,
        1,
        0,
        1,
        0,
        1,
        0,
        1,
        0,
        1,
        0,
        0,
        1,
        0,
        1,
        0,
        0,
        1,
        0,
        1,
        0,
        1,
        0,
        1,
        0,
        1,
        0,
        1,
        0,
        1,
        0,
        1,
        0,
        1,
        2,
        0,
        0,
        1,
        0,
        1,
        0,
        1,
        3,
        0,
        1,
        0,
        1,
        0,
        1,
        0,
        0,
        1,
        0,
        1,
        3,
        0,
        1,
        2,
        2,
        0,
        1,
        2,
        0,
        1,
        3,
        0,
        1,
        0,
        1,
        0,
        1,
        0,
        1,
        0,
        0,
        1,
        0,
        1,
        3,
        2,
        2,
        0,
        1,
        0,
        1,
        0,
        1,
        0,
        0,
        1,
        0,
        1,
        2,
        2,
        0,
        1,
        0,
        1,
        3,
        0,
        1,
        3,
        0,
        1,
        0,
        1,
        0,
        0,
        1,
        0,
        0,
        1,
        0,
        1,
        0,
        1,
        0,
        1,
        0,
        1,
        0,
        1,
        0,
        1,
        0,
        1,
        0,
        1,
        0,
        1,
        0,
        1,
        0,
        1,
        0,
        1,
        0,
        1,
        0,
        1,
        0,
        1,
        0,
        1,
        0,
        0,
        0,
        1,
        0,
        0,
        1,
        0,
        1,
        0,
        1,
        0,
        1,
        0,
        1,
        0,
        1,
        0,
        1,
        0,
        1,
        0,
        1,
        0,
        1,
        0,
        1,
        0,
        1,
        0,
        1,
        0,
        1,
        0,
        1,
        0,
        1,
        0,
        1,
        0,
        1,
        0,
        1,
        0,
        1,
        0,
        1,
        0,
        1,
        0,
        1,
        0,
        1,
        0,
        1,
        0,
        1,
        0,
        1,
        0,
        1,
        0,
        1,
        0,
        1,
        0,
        1,
        0,
        1,
        0,
        1,
        0,
        1,
        0,
        1,
        0,
        1,
        0,
        1,
        0,
        1,
        0,
        1,
        0,
        0,
        1,
        3,
        0,
        1,
        3,
        0,
        1,
        3,
        0,
        1,
        0,
        1,
        0,
        1,
        3,
        2,
        0,
        1,
        3,
        0,
        1,
        0,
        1,
        3,
        0,
        1,
        0,
        1,
        0,
        1,
        0,
        1,
        0,
        1,
        0,
        0,
        1,
        0,
        1,
        0,
        1,
        0,
        1,
        0,
        1,
        0,
        1,
        0,
        1,
        0,
        1,
        0,
        1,
        0,
        1,
        0,
        1,
        0,
        1,
        0,
        1,
        0,
        1,
        0,
        1,
        0,
        1,
        0,
        1,
        0,
        0,
        1,
        0,
        1,
        2,
        2,
        0,
        1,
        0,
        1,
        0,
        1,
        0,
        0,
        1,
        0,
        1,
        0,
        1,
        0,
        1,
        0,
        1,
        0,
        1,
        0,
        1,
        0,
        1,
        0,
        1,
        0,
        1,
        3,
        0,
        0,
        1,
        0,
        1,
        3,
        0,
        1,
        2,
        2,
        3,
        0,
        1,
        3,
        0,
        1,
        0,
        1,
        0,
        1,
        0,
        1,
        0,
        1,
        0,
        0,
        1,
        0,
        0,
        1,
        0,
        1,
        0,
        1,
        0,
        1,
        0,
        1,
        0,
        1,
        0,
        1,
        0,
        1,
        0,
        1,
        0,
        1,
        0,
        1,
        0,
        1,
        0,
        1,
        0,
        1,
        0,
        1,
        0,
        1,
        0,
        1,
        0,
        0,
        0,
        1,
        0,
        0,
        1,
        0,
        1,
        0,
        1,
        0,
        1,
        0,
        1,
        0,
        1,
        0,
        1,
        0,
        1,
        0,
        1,
        0,
        1,
        0,
        1,
        0,
        1,
        0,
        1,
        0,
        1,
        0,
        1,
        0,
        1,
        0,
        1,
        0,
        1,
        0,
        1,
        0,
        1,
        0,
        1,
        0,
        1,
        0,
        1,
        0,
        1,
        0,
        1,
        0,
        1,
        0,
        1,
        0,
        1,
        0,
        1,
        0,
        1,
        0,
        1,
        0,
        1,
        0,
        1,
        0,
        1,
        0,
        1,
        0,
        1,
        0,
        1,
        0,
        1,
        0,
        1,
        0,
        2,
        2,
        3,
        0,
        1,
        2,
        2,
        2,
        0,
        1,
        2,
        2,
        2,
        0,
        1,
        0,
        1,
        0,
        1,
        0,
        1,
        0,
        1,
        0,
        1,
        2
    ],
    "data": [
        "Model Cards provide a framework for transparent, responsible reporting. \r\n Use the vetiver `.qmd` Quarto template as a place to start, \r\n with vetiver.model_card()\r\nWriting pin:\r\nName: 'penguin_model'\r\nVersion: 20240310T130422Z-a6f9b\r\n",
        ">>> ",
        "app = VetiverAPI(v,check_prototype=True)",
        ">>> ",
        "app.run(port = 8080)",
        "C:\\Users\\C25CHR~1.MAR\\ONEDRI~1.EDU\\DOCUME~1\\School\\SPRING~3\\MATH37~1\\FINALP~2\\VENV~1\\lib\\site-packages\\vetiver\\utils.py:18: UserWarning: You may be running from a notebook environment. Jupyter Notebooks are not considered stable environments for production code\r\n  warnings.warn(\r\nINFO:     Started server process [22972]\r\nINFO:     Waiting for application startup.\r\nINFO:     VetiverAPI starting...\r\nINFO:     Application startup complete.\r\nERROR:    [Errno 10048] error while attempting to bind on address ('12",
        "7.0.0.1', 8080): only one usage of each socket address (protocol/network address/port) is normally permitted\r\nINFO:     Waiting for application shutdown.\r\nINFO:     Application shutdown complete.\r\nWarning: Connection is garbage-collected, use dbDisconnect() to avoid this.\nWarning: Database is garbage-collected, use dbDisconnect(con, shutdown=TRUE) or duckdb::duckdb_shutdown(drv) to avoid this.\nWarning: Database is garbage-collected, use dbDisconnect(con, shutdown=TRUE) or duckdb::duckdb_shutdown(drv) to avo",
        "id this.\nWarning: Database is garbage-collected, use dbDisconnect(con, shutdown=TRUE) or duckdb::duckdb_shutdown(drv) to avoid this.\nWarning: Database is garbage-collected, use dbDisconnect(con, shutdown=TRUE) or duckdb::duckdb_shutdown(drv) to avoid this.\nWarning: Connection is garbage-collected, use dbDisconnect() to avoid this.\nWarning: Database is garbage-collected, use dbDisconnect(con, shutdown=TRUE) or duckdb::duckdb_shutdown(drv) to avoid this.\n",
        ">>> ",
        ">>> ",
        "from palmerpenguins import penguins",
        ">>> ",
        "from pandas import get_dummies",
        ">>> ",
        "import numpy as np",
        ">>> ",
        "from sklearn.linear_model import LinearRegression",
        ">>> ",
        "from sklearn import preprocessing",
        ">>> ",
        "from vetiver import VetiverModel",
        ">>> ",
        "from vetiver import VetiverAPI",
        ">>> ",
        "from vetiver import vetiver_pin_write",
        ">>> ",
        "from vetiver import prepare_docker",
        ">>> ",
        "import pins",
        ">>> ",
        "import duckdb",
        ">>> ",
        ">>> ",
        ">>> ",
        "df = penguins.load_penguins().dropna()",
        ">>> ",
        ">>> ",
        "df.head(3)",
        "  species     island  bill_length_mm  ...  body_mass_g     sex  year\r\n0  Adelie  Torgersen            39.1  ...       3750.0    male  2007\r\n1  Adelie  Torgersen            39.5  ...       3800.0  female  2007\r\n2  Adelie  Torgersen            40.3  ...       3250.0  female  2007\r\n\r\n[3 rows x 8 columns]\r\n",
        ">>> ",
        ">>> ",
        "X = get_dummies(df[['bill_length_mm', 'species', 'sex']], drop_first = True)",
        ">>> ",
        "y = df['body_mass_g']",
        ">>> ",
        ">>> ",
        "model = LinearRegression().fit(X, y)",
        ">>> ",
        "v = VetiverModel(model, model_name='penguin_model', prototype_data=X)",
        ">>> ",
        "b = pins.board_folder('data/model/',allow_pickle_read=True)",
        ">>> ",
        "vetiver_pin_write(b,v)",
        "Model Cards provide a framework for transparent, responsible reporting. \r\n Use the vetiver `.qmd` Quarto template as a place to start, \r\n with vetiver.model_card()\r\nWriting pin:\r\nName: 'penguin_model'\r\nVersion: 20240310T130434Z-a6f9b\r\n",
        ">>> ",
        "app = VetiverAPI(v,check_prototype=True)",
        ">>> ",
        "app.run(port = 8080)",
        "C:\\Users\\C25CHR~1.MAR\\ONEDRI~1.EDU\\DOCUME~1\\School\\SPRING~3\\MATH37~1\\FINALP~2\\VENV~1\\lib\\site-packages\\vetiver\\utils.py:18: UserWarning: You may be running from a notebook environment. Jupyter Notebooks are not considered stable environments for production code\r\n  warnings.warn(\r\nINFO:     Started server process [22972]\r\nINFO:     Waiting for application startup.\r\nINFO:     VetiverAPI starting...\r\nINFO:     Application startup complete.\r\nERROR:    [Errno 10048] error while attempting to bind on address ('12",
        "7.0.0.1', 8080): only one usage of each socket address (protocol/network address/port) is normally permitted\r\nINFO:     Waiting for application shutdown.\r\nINFO:     Application shutdown complete.\r\n",
        ">>> ",
        "\nRestarting R session...\n\n",
        "- Project '~/School/Spring 2024/Math 378/Final Project' loaded. [renv 1.0.5]\n- The project is out-of-sync -- use `renv::status()` for details.\n",
        "Loading required package: duckdb\nLoading required package: DBI\n",
        "> ",
        "reticulate::repl_python()",
        "Python 3.9.5 (C:/Users/C25Christina.Marquez/OneDrive - afacademy.af.edu/Documents/School/Spring 2024/Math 378/Final Project/.venv/Scripts/python.exe)\nReticulate 1.35.0 REPL -- A Python interpreter in R.\nEnter 'exit' or 'quit' to exit the REPL and return to R.\n",
        ">>> ",
        "from palmerpenguins import penguins",
        ">>> ",
        "from pandas import get_dummies",
        ">>> ",
        "import numpy as np",
        ">>> ",
        "from sklearn.linear_model import LinearRegression",
        ">>> ",
        "from sklearn import preprocessing",
        ">>> ",
        "from vetiver import VetiverModel",
        ">>> ",
        "from vetiver import VetiverAPI",
        ">>> ",
        "from vetiver import vetiver_pin_write",
        ">>> ",
        "from vetiver import prepare_docker",
        ">>> ",
        "import pins",
        ">>> ",
        "import duckdb",
        ">>> ",
        ">>> ",
        ">>> ",
        "df = penguins.load_penguins().dropna()",
        ">>> ",
        ">>> ",
        "df.head(3)",
        "  species     island  bill_length_mm  ...  body_mass_g     sex  year\r\n0  Adelie  Torgersen            39.1  ...       3750.0    male  2007\r\n1  Adelie  Torgersen            39.5  ...       3800.0  female  2007\r\n2  Adelie  Torgersen            40.3  ...       3250.0  female  2007\r\n\r\n[3 rows x 8 columns]\r\n",
        ">>> ",
        ">>> ",
        "X = get_dummies(df[['bill_length_mm', 'species', 'sex']], drop_first = True)",
        ">>> ",
        "y = df['body_mass_g']",
        ">>> ",
        ">>> ",
        "model = LinearRegression().fit(X, y)",
        ">>> ",
        "v = VetiverModel(model, model_name='penguin_model', prototype_data=X)",
        ">>> ",
        "b = pins.board_folder('data/model/',allow_pickle_read=True)",
        ">>> ",
        "vetiver_pin_write(b,v)",
        "Model Cards provide a framework for transparent, responsible reporting. \r\n Use the vetiver `.qmd` Quarto template as a place to start, \r\n with vetiver.model_card()\r\nWriting pin:\r\nName: 'penguin_model'\r\nVersion: 20240310T130726Z-a6f9b\r\n",
        ">>> ",
        "app = VetiverAPI(v,check_prototype=True)",
        ">>> ",
        "app.run(port = 8080)",
        "C:\\Users\\C25CHR~1.MAR\\ONEDRI~1.EDU\\DOCUME~1\\School\\SPRING~3\\MATH37~1\\FINALP~2\\VENV~1\\lib\\site-packages\\vetiver\\utils.py:18: UserWarning: You may be running from a notebook environment. Jupyter Notebooks are not considered stable environments for production code\r\n  warnings.warn(\r\nINFO:     Started server process [12404]\r\nINFO:     Waiting for application startup.\r\nINFO:     VetiverAPI starting...\r\nINFO:     Application startup complete.\r\nERROR:    [Errno 10048] error while attempting to bind on address ('12",
        "7.0.0.1', 8080): only one usage of each socket address (protocol/network address/port) is normally permitted\r\nINFO:     Waiting for application shutdown.\r\nINFO:     Application shutdown complete.\r\nTraceback (most recent call last):\n  File \"\u001B[90m\u001B]8;line = 157;file://C:\\Users\\C25Christina.Marquez\\OneDrive - afacademy.af.edu\\Documents\\School\\Spring 2024\\Math 378\\Final Project\\.venv\\Lib\\site-packages\\uvicorn\\server.py\u0007C:\\Users\\C25CHR~1.MAR\\ONEDRI~1.EDU\\DOCUME~1\\School\\SPRING~3\\MATH37~1\\FINALP~2\\VENV~1\\lib\\site",
        "-packages\\uvicorn\\server.py\u001B]8;;\u0007\u001B[39m\", line 157, in startup\n    server = await loop.create_server(\n  File \"\u001B[90m\u001B]8;line = 1494;file://C:\\Program Files\\Python39\\Lib\\asyncio\\base_events.py\u0007C:\\Program Files\\Python39\\lib\\asyncio\\base_events.py\u001B]8;;\u0007\u001B[39m\", line 1494, in create_server\n    raise OSError(err.errno, 'error while attempting '\nOSError: [Errno 10048] error while attempting to bind on address ('127.0.0.1', 8080): only one usage of each socket address (protocol/network address/port) is normally permi",
        "tted\n\nDuring handling of the above exception, another exception occurred:\n\nTraceback (most recent call last):\n  File \"<string>\", line 1, in <module>\n  File \"\u001B[90m\u001B]8;line = 282;file://C:\\Users\\C25Christina.Marquez\\OneDrive - afacademy.af.edu\\Documents\\School\\Spring 2024\\Math 378\\Final Project\\.venv\\Lib\\site-packages\\vetiver\\server.py\u0007C:\\Users\\C25CHR~1.MAR\\ONEDRI~1.EDU\\DOCUME~1\\School\\SPRING~3\\MATH37~1\\FINALP~2\\VENV~1\\lib\\site-packages\\vetiver\\server.py\u001B]8;;\u0007\u001B[39m\", line 282, in run\n    uvicorn.run(self.app,",
        " port=port, host=host, **kw)\n  File \"\u001B[90m\u001B]8;line = 575;file://C:\\Users\\C25Christina.Marquez\\OneDrive - afacademy.af.edu\\Documents\\School\\Spring 2024\\Math 378\\Final Project\\.venv\\Lib\\site-packages\\uvicorn\\main.py\u0007C:\\Users\\C25CHR~1.MAR\\ONEDRI~1.EDU\\DOCUME~1\\School\\SPRING~3\\MATH37~1\\FINALP~2\\VENV~1\\lib\\site-packages\\uvicorn\\main.py\u001B]8;;\u0007\u001B[39m\", line 575, in run\n    server.run()\n  File \"\u001B[90m\u001B]8;line = 62;file://C:\\Users\\C25Christina.Marquez\\OneDrive - afacademy.af.edu\\Documents\\School\\Spring 2024\\Math 378\\Fi",
        "nal Project\\.venv\\Lib\\site-packages\\uvicorn\\server.py\u0007C:\\Users\\C25CHR~1.MAR\\ONEDRI~1.EDU\\DOCUME~1\\School\\SPRING~3\\MATH37~1\\FINALP~2\\VENV~1\\lib\\site-packages\\uvicorn\\server.py\u001B]8;;\u0007\u001B[39m\", line 62, in run\n    return asyncio.run(self.serve(sockets=sockets))\n  File \"\u001B[90m\u001B]8;line = 30;file://C:\\Users\\C25Christina.Marquez\\OneDrive - afacademy.af.edu\\Documents\\School\\Spring 2024\\Math 378\\Final Project\\.venv\\Lib\\site-packages\\nest_asyncio.py\u0007C:\\Users\\C25CHR~1.MAR\\ONEDRI~1.EDU\\DOCUME~1\\School\\SPRING~3\\MATH37~1\\FIN",
        "ALP~2\\VENV~1\\lib\\site-packages\\nest_asyncio.py\u001B]8;;\u0007\u001B[39m\", line 30, in run\n    return loop.run_until_complete(task)\n  File \"\u001B[90m\u001B]8;line = 92;file://C:\\Users\\C25Christina.Marquez\\OneDrive - afacademy.af.edu\\Documents\\School\\Spring 2024\\Math 378\\Final Project\\.venv\\Lib\\site-packages\\nest_asyncio.py\u0007C:\\Users\\C25CHR~1.MAR\\ONEDRI~1.EDU\\DOCUME~1\\School\\SPRING~3\\MATH37~1\\FINALP~2\\VENV~1\\lib\\site-packages\\nest_asyncio.py\u001B]8;;\u0007\u001B[39m\", line 92, in run_until_complete\n    self._run_once()\n  File \"\u001B[90m\u001B]8;line = 133",
        ";file://C:\\Users\\C25Christina.Marquez\\OneDrive - afacademy.af.edu\\Documents\\School\\Spring 2024\\Math 378\\Final Project\\.venv\\Lib\\site-packages\\nest_asyncio.py\u0007C:\\Users\\C25CHR~1.MAR\\ONEDRI~1.EDU\\DOCUME~1\\School\\SPRING~3\\MATH37~1\\FINALP~2\\VENV~1\\lib\\site-packages\\nest_asyncio.py\u001B]8;;\u0007\u001B[39m\", line 133, in _run_once\n    handle._run()\n  File \"\u001B[90m\u001B]8;line = 80;file://C:\\Program Files\\Python39\\Lib\\asyncio\\events.py\u0007C:\\Program Files\\Python39\\lib\\asyncio\\events.py\u001B]8;;\u0007\u001B[39m\", line 80, in _run\n    self._context.run",
        "(self._callback, *self._args)\n  File \"\u001B[90m\u001B]8;line = 339;file://C:\\Program Files\\Python39\\Lib\\asyncio\\tasks.py\u0007C:\\Program Files\\Python39\\lib\\asyncio\\tasks.py\u001B]8;;\u0007\u001B[39m\", line 339, in __wakeup\n    self.__step()\n  File \"\u001B[90m\u001B]8;line = 256;file://C:\\Program Files\\Python39\\Lib\\asyncio\\tasks.py\u0007C:\\Program Files\\Python39\\lib\\asyncio\\tasks.py\u001B]8;;\u0007\u001B[39m\", line 256, in __step\n    result = coro.send(None)\n  File \"\u001B[90m\u001B]8;line = 79;file://C:\\Users\\C25Christina.Marquez\\OneDrive - afacademy.af.edu\\Documents\\School\\",
        "Spring 2024\\Math 378\\Final Project\\.venv\\Lib\\site-packages\\uvicorn\\server.py\u0007C:\\Users\\C25CHR~1.MAR\\ONEDRI~1.EDU\\DOCUME~1\\School\\SPRING~3\\MATH37~1\\FINALP~2\\VENV~1\\lib\\site-packages\\uvicorn\\server.py\u001B]8;;\u0007\u001B[39m\", line 79, in serve\n    await self.startup(sockets=sockets)\n  File \"\u001B[90m\u001B]8;line = 167;file://C:\\Users\\C25Christina.Marquez\\OneDrive - afacademy.af.edu\\Documents\\School\\Spring 2024\\Math 378\\Final Project\\.venv\\Lib\\site-packages\\uvicorn\\server.py\u0007C:\\Users\\C25CHR~1.MAR\\ONEDRI~1.EDU\\DOCUME~1\\School\\SPRIN",
        "G~3\\MATH37~1\\FINALP~2\\VENV~1\\lib\\site-packages\\uvicorn\\server.py\u001B]8;;\u0007\u001B[39m\", line 167, in startup\n    sys.exit(1)\nSystemExit: 1\n",
        ">>> ",
        ">>> ",
        "X = get_dummies(df[['bill_length_mm', 'species', 'sex']], drop_first = True)",
        ">>> ",
        "y = df['body_mass_g']",
        ">>> ",
        ">>> ",
        "model = LinearRegression().fit(X, y)",
        ">>> ",
        "v = VetiverModel(model, model_name='penguin_model', prototype_data=X)",
        ">>> ",
        "b = pins.board_folder('data/model/',allow_pickle_read=True)",
        ">>> ",
        "vetiver_pin_write(b,v)",
        "Model Cards provide a framework for transparent, responsible reporting. \r\n Use the vetiver `.qmd` Quarto template as a place to start, \r\n with vetiver.model_card()\r\nWriting pin:\r\nName: 'penguin_model'\r\nVersion: 20240310T130741Z-a6f9b\r\n",
        ">>> ",
        "app = VetiverAPI(v,check_prototype=True)",
        ">>> ",
        "app.run(port = 8080)",
        "C:\\Users\\C25CHR~1.MAR\\ONEDRI~1.EDU\\DOCUME~1\\School\\SPRING~3\\MATH37~1\\FINALP~2\\VENV~1\\lib\\site-packages\\vetiver\\utils.py:18: UserWarning: You may be running from a notebook environment. Jupyter Notebooks are not considered stable environments for production code\r\n  warnings.warn(\r\nINFO:     Started server process [12404]\r\nINFO:     Waiting for application startup.\r\nINFO:     VetiverAPI starting...\r\nINFO:     Application startup complete.\r\nERROR:    [Errno 10048] error while attempting to bind on address ('12",
        "7.0.0.1', 8080): only one usage of each socket address (protocol/network address/port) is normally permitted\r\nINFO:     Waiting for application shutdown.\r\nINFO:     Application shutdown complete.\r\nTraceback (most recent call last):\n  File \"\u001B[90m\u001B]8;line = 157;file://C:\\Users\\C25Christina.Marquez\\OneDrive - afacademy.af.edu\\Documents\\School\\Spring 2024\\Math 378\\Final Project\\.venv\\Lib\\site-packages\\uvicorn\\server.py\u0007C:\\Users\\C25CHR~1.MAR\\ONEDRI~1.EDU\\DOCUME~1\\School\\SPRING~3\\MATH37~1\\FINALP~2\\VENV~1\\lib\\site",
        "-packages\\uvicorn\\server.py\u001B]8;;\u0007\u001B[39m\", line 157, in startup\n    server = await loop.create_server(\n  File \"\u001B[90m\u001B]8;line = 1494;file://C:\\Program Files\\Python39\\Lib\\asyncio\\base_events.py\u0007C:\\Program Files\\Python39\\lib\\asyncio\\base_events.py\u001B]8;;\u0007\u001B[39m\", line 1494, in create_server\n    raise OSError(err.errno, 'error while attempting '\nOSError: [Errno 10048] error while attempting to bind on address ('127.0.0.1', 8080): only one usage of each socket address (protocol/network address/port) is normally permi",
        "tted\n\nDuring handling of the above exception, another exception occurred:\n\nTraceback (most recent call last):\n  File \"<string>\", line 1, in <module>\n  File \"\u001B[90m\u001B]8;line = 282;file://C:\\Users\\C25Christina.Marquez\\OneDrive - afacademy.af.edu\\Documents\\School\\Spring 2024\\Math 378\\Final Project\\.venv\\Lib\\site-packages\\vetiver\\server.py\u0007C:\\Users\\C25CHR~1.MAR\\ONEDRI~1.EDU\\DOCUME~1\\School\\SPRING~3\\MATH37~1\\FINALP~2\\VENV~1\\lib\\site-packages\\vetiver\\server.py\u001B]8;;\u0007\u001B[39m\", line 282, in run\n    uvicorn.run(self.app,",
        " port=port, host=host, **kw)\n  File \"\u001B[90m\u001B]8;line = 575;file://C:\\Users\\C25Christina.Marquez\\OneDrive - afacademy.af.edu\\Documents\\School\\Spring 2024\\Math 378\\Final Project\\.venv\\Lib\\site-packages\\uvicorn\\main.py\u0007C:\\Users\\C25CHR~1.MAR\\ONEDRI~1.EDU\\DOCUME~1\\School\\SPRING~3\\MATH37~1\\FINALP~2\\VENV~1\\lib\\site-packages\\uvicorn\\main.py\u001B]8;;\u0007\u001B[39m\", line 575, in run\n    server.run()\n  File \"\u001B[90m\u001B]8;line = 62;file://C:\\Users\\C25Christina.Marquez\\OneDrive - afacademy.af.edu\\Documents\\School\\Spring 2024\\Math 378\\Fi",
        "nal Project\\.venv\\Lib\\site-packages\\uvicorn\\server.py\u0007C:\\Users\\C25CHR~1.MAR\\ONEDRI~1.EDU\\DOCUME~1\\School\\SPRING~3\\MATH37~1\\FINALP~2\\VENV~1\\lib\\site-packages\\uvicorn\\server.py\u001B]8;;\u0007\u001B[39m\", line 62, in run\n    return asyncio.run(self.serve(sockets=sockets))\n  File \"\u001B[90m\u001B]8;line = 30;file://C:\\Users\\C25Christina.Marquez\\OneDrive - afacademy.af.edu\\Documents\\School\\Spring 2024\\Math 378\\Final Project\\.venv\\Lib\\site-packages\\nest_asyncio.py\u0007C:\\Users\\C25CHR~1.MAR\\ONEDRI~1.EDU\\DOCUME~1\\School\\SPRING~3\\MATH37~1\\FIN",
        "ALP~2\\VENV~1\\lib\\site-packages\\nest_asyncio.py\u001B]8;;\u0007\u001B[39m\", line 30, in run\n    return loop.run_until_complete(task)\n  File \"\u001B[90m\u001B]8;line = 92;file://C:\\Users\\C25Christina.Marquez\\OneDrive - afacademy.af.edu\\Documents\\School\\Spring 2024\\Math 378\\Final Project\\.venv\\Lib\\site-packages\\nest_asyncio.py\u0007C:\\Users\\C25CHR~1.MAR\\ONEDRI~1.EDU\\DOCUME~1\\School\\SPRING~3\\MATH37~1\\FINALP~2\\VENV~1\\lib\\site-packages\\nest_asyncio.py\u001B]8;;\u0007\u001B[39m\", line 92, in run_until_complete\n    self._run_once()\n  File \"\u001B[90m\u001B]8;line = 133",
        ";file://C:\\Users\\C25Christina.Marquez\\OneDrive - afacademy.af.edu\\Documents\\School\\Spring 2024\\Math 378\\Final Project\\.venv\\Lib\\site-packages\\nest_asyncio.py\u0007C:\\Users\\C25CHR~1.MAR\\ONEDRI~1.EDU\\DOCUME~1\\School\\SPRING~3\\MATH37~1\\FINALP~2\\VENV~1\\lib\\site-packages\\nest_asyncio.py\u001B]8;;\u0007\u001B[39m\", line 133, in _run_once\n    handle._run()\n  File \"\u001B[90m\u001B]8;line = 80;file://C:\\Program Files\\Python39\\Lib\\asyncio\\events.py\u0007C:\\Program Files\\Python39\\lib\\asyncio\\events.py\u001B]8;;\u0007\u001B[39m\", line 80, in _run\n    self._context.run",
        "(self._callback, *self._args)\n  File \"\u001B[90m\u001B]8;line = 339;file://C:\\Program Files\\Python39\\Lib\\asyncio\\tasks.py\u0007C:\\Program Files\\Python39\\lib\\asyncio\\tasks.py\u001B]8;;\u0007\u001B[39m\", line 339, in __wakeup\n    self.__step()\n  File \"\u001B[90m\u001B]8;line = 256;file://C:\\Program Files\\Python39\\Lib\\asyncio\\tasks.py\u0007C:\\Program Files\\Python39\\lib\\asyncio\\tasks.py\u001B]8;;\u0007\u001B[39m\", line 256, in __step\n    result = coro.send(None)\n  File \"\u001B[90m\u001B]8;line = 79;file://C:\\Users\\C25Christina.Marquez\\OneDrive - afacademy.af.edu\\Documents\\School\\",
        "Spring 2024\\Math 378\\Final Project\\.venv\\Lib\\site-packages\\uvicorn\\server.py\u0007C:\\Users\\C25CHR~1.MAR\\ONEDRI~1.EDU\\DOCUME~1\\School\\SPRING~3\\MATH37~1\\FINALP~2\\VENV~1\\lib\\site-packages\\uvicorn\\server.py\u001B]8;;\u0007\u001B[39m\", line 79, in serve\n    await self.startup(sockets=sockets)\n  File \"\u001B[90m\u001B]8;line = 167;file://C:\\Users\\C25Christina.Marquez\\OneDrive - afacademy.af.edu\\Documents\\School\\Spring 2024\\Math 378\\Final Project\\.venv\\Lib\\site-packages\\uvicorn\\server.py\u0007C:\\Users\\C25CHR~1.MAR\\ONEDRI~1.EDU\\DOCUME~1\\School\\SPRIN",
        "G~3\\MATH37~1\\FINALP~2\\VENV~1\\lib\\site-packages\\uvicorn\\server.py\u001B]8;;\u0007\u001B[39m\", line 167, in startup\n    sys.exit(1)\nSystemExit: 1\n",
        ">>> ",
        ">>> ",
        "X = get_dummies(df[['bill_length_mm', 'species', 'sex']], drop_first = True)",
        ">>> ",
        "y = df['body_mass_g']",
        ">>> ",
        ">>> ",
        "model = LinearRegression().fit(X, y)",
        ">>> ",
        "v = VetiverModel(model, model_name='penguin_model', prototype_data=X)",
        ">>> ",
        "b = pins.board_folder('data/model/',allow_pickle_read=True)",
        ">>> ",
        "vetiver_pin_write(b,v)",
        "Model Cards provide a framework for transparent, responsible reporting. \r\n Use the vetiver `.qmd` Quarto template as a place to start, \r\n with vetiver.model_card()\r\nWriting pin:\r\nName: 'penguin_model'\r\nVersion: 20240310T130824Z-a6f9b\r\n",
        ">>> ",
        "app = VetiverAPI(v,check_prototype=True)",
        ">>> ",
        "app.run(port = 8080)",
        "C:\\Users\\C25CHR~1.MAR\\ONEDRI~1.EDU\\DOCUME~1\\School\\SPRING~3\\MATH37~1\\FINALP~2\\VENV~1\\lib\\site-packages\\vetiver\\utils.py:18: UserWarning: You may be running from a notebook environment. Jupyter Notebooks are not considered stable environments for production code\r\n  warnings.warn(\r\nINFO:     Started server process [12404]\r\nINFO:     Waiting for application startup.\r\nINFO:     VetiverAPI starting...\r\nINFO:     Application startup complete.\r\nERROR:    [Errno 10048] error while attempting to bind on address ('12",
        "7.0.0.1', 8080): only one usage of each socket address (protocol/network address/port) is normally permitted\r\nINFO:     Waiting for application shutdown.\r\nINFO:     Application shutdown complete.\r\nTraceback (most recent call last):\n  File \"\u001B[90m\u001B]8;line = 157;file://C:\\Users\\C25Christina.Marquez\\OneDrive - afacademy.af.edu\\Documents\\School\\Spring 2024\\Math 378\\Final Project\\.venv\\Lib\\site-packages\\uvicorn\\server.py\u0007C:\\Users\\C25CHR~1.MAR\\ONEDRI~1.EDU\\DOCUME~1\\School\\SPRING~3\\MATH37~1\\FINALP~2\\VENV~1\\lib\\site",
        "-packages\\uvicorn\\server.py\u001B]8;;\u0007\u001B[39m\", line 157, in startup\n    server = await loop.create_server(\n  File \"\u001B[90m\u001B]8;line = 1494;file://C:\\Program Files\\Python39\\Lib\\asyncio\\base_events.py\u0007C:\\Program Files\\Python39\\lib\\asyncio\\base_events.py\u001B]8;;\u0007\u001B[39m\", line 1494, in create_server\n    raise OSError(err.errno, 'error while attempting '\nOSError: [Errno 10048] error while attempting to bind on address ('127.0.0.1', 8080): only one usage of each socket address (protocol/network address/port) is normally permi",
        "tted\n\nDuring handling of the above exception, another exception occurred:\n\nTraceback (most recent call last):\n  File \"<string>\", line 1, in <module>\n  File \"\u001B[90m\u001B]8;line = 282;file://C:\\Users\\C25Christina.Marquez\\OneDrive - afacademy.af.edu\\Documents\\School\\Spring 2024\\Math 378\\Final Project\\.venv\\Lib\\site-packages\\vetiver\\server.py\u0007C:\\Users\\C25CHR~1.MAR\\ONEDRI~1.EDU\\DOCUME~1\\School\\SPRING~3\\MATH37~1\\FINALP~2\\VENV~1\\lib\\site-packages\\vetiver\\server.py\u001B]8;;\u0007\u001B[39m\", line 282, in run\n    uvicorn.run(self.app,",
        " port=port, host=host, **kw)\n  File \"\u001B[90m\u001B]8;line = 575;file://C:\\Users\\C25Christina.Marquez\\OneDrive - afacademy.af.edu\\Documents\\School\\Spring 2024\\Math 378\\Final Project\\.venv\\Lib\\site-packages\\uvicorn\\main.py\u0007C:\\Users\\C25CHR~1.MAR\\ONEDRI~1.EDU\\DOCUME~1\\School\\SPRING~3\\MATH37~1\\FINALP~2\\VENV~1\\lib\\site-packages\\uvicorn\\main.py\u001B]8;;\u0007\u001B[39m\", line 575, in run\n    server.run()\n  File \"\u001B[90m\u001B]8;line = 62;file://C:\\Users\\C25Christina.Marquez\\OneDrive - afacademy.af.edu\\Documents\\School\\Spring 2024\\Math 378\\Fi",
        "nal Project\\.venv\\Lib\\site-packages\\uvicorn\\server.py\u0007C:\\Users\\C25CHR~1.MAR\\ONEDRI~1.EDU\\DOCUME~1\\School\\SPRING~3\\MATH37~1\\FINALP~2\\VENV~1\\lib\\site-packages\\uvicorn\\server.py\u001B]8;;\u0007\u001B[39m\", line 62, in run\n    return asyncio.run(self.serve(sockets=sockets))\n  File \"\u001B[90m\u001B]8;line = 30;file://C:\\Users\\C25Christina.Marquez\\OneDrive - afacademy.af.edu\\Documents\\School\\Spring 2024\\Math 378\\Final Project\\.venv\\Lib\\site-packages\\nest_asyncio.py\u0007C:\\Users\\C25CHR~1.MAR\\ONEDRI~1.EDU\\DOCUME~1\\School\\SPRING~3\\MATH37~1\\FIN",
        "ALP~2\\VENV~1\\lib\\site-packages\\nest_asyncio.py\u001B]8;;\u0007\u001B[39m\", line 30, in run\n    return loop.run_until_complete(task)\n  File \"\u001B[90m\u001B]8;line = 92;file://C:\\Users\\C25Christina.Marquez\\OneDrive - afacademy.af.edu\\Documents\\School\\Spring 2024\\Math 378\\Final Project\\.venv\\Lib\\site-packages\\nest_asyncio.py\u0007C:\\Users\\C25CHR~1.MAR\\ONEDRI~1.EDU\\DOCUME~1\\School\\SPRING~3\\MATH37~1\\FINALP~2\\VENV~1\\lib\\site-packages\\nest_asyncio.py\u001B]8;;\u0007\u001B[39m\", line 92, in run_until_complete\n    self._run_once()\n  File \"\u001B[90m\u001B]8;line = 133",
        ";file://C:\\Users\\C25Christina.Marquez\\OneDrive - afacademy.af.edu\\Documents\\School\\Spring 2024\\Math 378\\Final Project\\.venv\\Lib\\site-packages\\nest_asyncio.py\u0007C:\\Users\\C25CHR~1.MAR\\ONEDRI~1.EDU\\DOCUME~1\\School\\SPRING~3\\MATH37~1\\FINALP~2\\VENV~1\\lib\\site-packages\\nest_asyncio.py\u001B]8;;\u0007\u001B[39m\", line 133, in _run_once\n    handle._run()\n  File \"\u001B[90m\u001B]8;line = 80;file://C:\\Program Files\\Python39\\Lib\\asyncio\\events.py\u0007C:\\Program Files\\Python39\\lib\\asyncio\\events.py\u001B]8;;\u0007\u001B[39m\", line 80, in _run\n    self._context.run",
        "(self._callback, *self._args)\n  File \"\u001B[90m\u001B]8;line = 339;file://C:\\Program Files\\Python39\\Lib\\asyncio\\tasks.py\u0007C:\\Program Files\\Python39\\lib\\asyncio\\tasks.py\u001B]8;;\u0007\u001B[39m\", line 339, in __wakeup\n    self.__step()\n  File \"\u001B[90m\u001B]8;line = 256;file://C:\\Program Files\\Python39\\Lib\\asyncio\\tasks.py\u0007C:\\Program Files\\Python39\\lib\\asyncio\\tasks.py\u001B]8;;\u0007\u001B[39m\", line 256, in __step\n    result = coro.send(None)\n  File \"\u001B[90m\u001B]8;line = 79;file://C:\\Users\\C25Christina.Marquez\\OneDrive - afacademy.af.edu\\Documents\\School\\",
        "Spring 2024\\Math 378\\Final Project\\.venv\\Lib\\site-packages\\uvicorn\\server.py\u0007C:\\Users\\C25CHR~1.MAR\\ONEDRI~1.EDU\\DOCUME~1\\School\\SPRING~3\\MATH37~1\\FINALP~2\\VENV~1\\lib\\site-packages\\uvicorn\\server.py\u001B]8;;\u0007\u001B[39m\", line 79, in serve\n    await self.startup(sockets=sockets)\n  File \"\u001B[90m\u001B]8;line = 167;file://C:\\Users\\C25Christina.Marquez\\OneDrive - afacademy.af.edu\\Documents\\School\\Spring 2024\\Math 378\\Final Project\\.venv\\Lib\\site-packages\\uvicorn\\server.py\u0007C:\\Users\\C25CHR~1.MAR\\ONEDRI~1.EDU\\DOCUME~1\\School\\SPRIN",
        "G~3\\MATH37~1\\FINALP~2\\VENV~1\\lib\\site-packages\\uvicorn\\server.py\u001B]8;;\u0007\u001B[39m\", line 167, in startup\n    sys.exit(1)\nSystemExit: 1\n",
        ">>> ",
        ">>> ",
        "X = get_dummies(df[['bill_length_mm', 'species', 'sex']], drop_first = True)",
        ">>> ",
        "y = df['body_mass_g']",
        ">>> ",
        ">>> ",
        "model = LinearRegression().fit(X, y)",
        ">>> ",
        "v = VetiverModel(model, model_name='penguin_model', prototype_data=X)",
        ">>> ",
        "b = pins.board_folder('data/model/',allow_pickle_read=True)",
        ">>> ",
        "vetiver_pin_write(b,v)",
        "Model Cards provide a framework for transparent, responsible reporting. \r\n Use the vetiver `.qmd` Quarto template as a place to start, \r\n with vetiver.model_card()\r\nWriting pin:\r\nName: 'penguin_model'\r\nVersion: 20240310T130843Z-a6f9b\r\n",
        ">>> ",
        "app = VetiverAPI(v,check_prototype=True)",
        ">>> ",
        "#app.run(port = 8080)",
        ">>> ",
        "Task exception was never retrieved\r\nfuture: <Task finished name='Task-4' coro=<Server.serve() done, defined at C:\\Users\\C25CHR~1.MAR\\ONEDRI~1.EDU\\DOCUME~1\\School\\SPRING~3\\MATH37~1\\FINALP~2\\VENV~1\\lib\\site-packages\\uvicorn\\server.py:64> exception=SystemExit(1)>\r\nTraceback (most recent call last):\r\n  File \"C:\\Users\\C25CHR~1.MAR\\ONEDRI~1.EDU\\DOCUME~1\\School\\SPRING~3\\MATH37~1\\FINALP~2\\VENV~1\\lib\\site-packages\\uvicorn\\server.py\", line 157, in startup\r\n    server = await loop.create_server(\r\n  File \"C:\\Program Fi",
        "les\\Python39\\lib\\asyncio\\base_events.py\", line 1494, in create_server\r\n    raise OSError(err.errno, 'error while attempting '\r\nOSError: [Errno 10048] error while attempting to bind on address ('127.0.0.1', 8080): only one usage of each socket address (protocol/network address/port) is normally permitted\r\n\r\nDuring handling of the above exception, another exception occurred:\r\n\r\nTraceback (most recent call last):\r\n  File \"<string>\", line 1, in <module>\r\n  File \"C:\\Users\\C25CHR~1.MAR\\ONEDRI~1.EDU\\DOCUME~1\\Schoo",
        "l\\SPRING~3\\MATH37~1\\FINALP~2\\VENV~1\\lib\\site-packages\\vetiver\\server.py\", line 282, in run\r\n    uvicorn.run(self.app, port=port, host=host, **kw)\r\n  File \"C:\\Users\\C25CHR~1.MAR\\ONEDRI~1.EDU\\DOCUME~1\\School\\SPRING~3\\MATH37~1\\FINALP~2\\VENV~1\\lib\\site-packages\\uvicorn\\main.py\", line 575, in run\r\n    server.run()\r\n  File \"C:\\Users\\C25CHR~1.MAR\\ONEDRI~1.EDU\\DOCUME~1\\School\\SPRING~3\\MATH37~1\\FINALP~2\\VENV~1\\lib\\site-packages\\uvicorn\\server.py\", line 62, in run\r\n    return asyncio.run(self.serve(sockets=sockets))\r",
        "\n  File \"C:\\Users\\C25CHR~1.MAR\\ONEDRI~1.EDU\\DOCUME~1\\School\\SPRING~3\\MATH37~1\\FINALP~2\\VENV~1\\lib\\site-packages\\nest_asyncio.py\", line 30, in run\r\n    return loop.run_until_complete(task)\r\n  File \"C:\\Users\\C25CHR~1.MAR\\ONEDRI~1.EDU\\DOCUME~1\\School\\SPRING~3\\MATH37~1\\FINALP~2\\VENV~1\\lib\\site-packages\\nest_asyncio.py\", line 92, in run_until_complete\r\n    self._run_once()\r\n  File \"C:\\Users\\C25CHR~1.MAR\\ONEDRI~1.EDU\\DOCUME~1\\School\\SPRING~3\\MATH37~1\\FINALP~2\\VENV~1\\lib\\site-packages\\nest_asyncio.py\", line 133, i",
        "n _run_once\r\n    handle._run()\r\n  File \"C:\\Program Files\\Python39\\lib\\asyncio\\events.py\", line 80, in _run\r\n    self._context.run(self._callback, *self._args)\r\n  File \"C:\\Program Files\\Python39\\lib\\asyncio\\tasks.py\", line 339, in __wakeup\r\n    self.__step()\r\n  File \"C:\\Program Files\\Python39\\lib\\asyncio\\tasks.py\", line 256, in __step\r\n    result = coro.send(None)\r\n  File \"C:\\Users\\C25CHR~1.MAR\\ONEDRI~1.EDU\\DOCUME~1\\School\\SPRING~3\\MATH37~1\\FINALP~2\\VENV~1\\lib\\site-packages\\uvicorn\\server.py\", line 79, in se",
        "rve\r\n    await self.startup(sockets=sockets)\r\n  File \"C:\\Users\\C25CHR~1.MAR\\ONEDRI~1.EDU\\DOCUME~1\\School\\SPRING~3\\MATH37~1\\FINALP~2\\VENV~1\\lib\\site-packages\\uvicorn\\server.py\", line 167, in startup\r\n    sys.exit(1)\r\nSystemExit: 1\r\n",
        ">>> ",
        "app.run(port=8080)",
        "C:\\Users\\C25CHR~1.MAR\\ONEDRI~1.EDU\\DOCUME~1\\School\\SPRING~3\\MATH37~1\\FINALP~2\\VENV~1\\lib\\site-packages\\vetiver\\utils.py:18: UserWarning: You may be running from a notebook environment. Jupyter Notebooks are not considered stable environments for production code\r\n  warnings.warn(\r\nINFO:     Started server process [12404]\r\nINFO:     Waiting for application startup.\r\nINFO:     VetiverAPI starting...\r\nINFO:     Application startup complete.\r\nERROR:    [Errno 10048] error while attempting to bind on address ('12",
        "7.0.0.1', 8080): only one usage of each socket address (protocol/network address/port) is normally permitted\r\nINFO:     Waiting for application shutdown.\r\nINFO:     Application shutdown complete.\r\nTraceback (most recent call last):\n  File \"\u001B[90m\u001B]8;line = 157;file://C:\\Users\\C25Christina.Marquez\\OneDrive - afacademy.af.edu\\Documents\\School\\Spring 2024\\Math 378\\Final Project\\.venv\\Lib\\site-packages\\uvicorn\\server.py\u0007C:\\Users\\C25CHR~1.MAR\\ONEDRI~1.EDU\\DOCUME~1\\School\\SPRING~3\\MATH37~1\\FINALP~2\\VENV~1\\lib\\site",
        "-packages\\uvicorn\\server.py\u001B]8;;\u0007\u001B[39m\", line 157, in startup\n    server = await loop.create_server(\n  File \"\u001B[90m\u001B]8;line = 1494;file://C:\\Program Files\\Python39\\Lib\\asyncio\\base_events.py\u0007C:\\Program Files\\Python39\\lib\\asyncio\\base_events.py\u001B]8;;\u0007\u001B[39m\", line 1494, in create_server\n    raise OSError(err.errno, 'error while attempting '\nOSError: [Errno 10048] error while attempting to bind on address ('127.0.0.1', 8080): only one usage of each socket address (protocol/network address/port) is normally permi",
        "tted\n\nDuring handling of the above exception, another exception occurred:\n\nTraceback (most recent call last):\n  File \"<string>\", line 1, in <module>\n  File \"\u001B[90m\u001B]8;line = 282;file://C:\\Users\\C25Christina.Marquez\\OneDrive - afacademy.af.edu\\Documents\\School\\Spring 2024\\Math 378\\Final Project\\.venv\\Lib\\site-packages\\vetiver\\server.py\u0007C:\\Users\\C25CHR~1.MAR\\ONEDRI~1.EDU\\DOCUME~1\\School\\SPRING~3\\MATH37~1\\FINALP~2\\VENV~1\\lib\\site-packages\\vetiver\\server.py\u001B]8;;\u0007\u001B[39m\", line 282, in run\n    uvicorn.run(self.app,",
        " port=port, host=host, **kw)\n  File \"\u001B[90m\u001B]8;line = 575;file://C:\\Users\\C25Christina.Marquez\\OneDrive - afacademy.af.edu\\Documents\\School\\Spring 2024\\Math 378\\Final Project\\.venv\\Lib\\site-packages\\uvicorn\\main.py\u0007C:\\Users\\C25CHR~1.MAR\\ONEDRI~1.EDU\\DOCUME~1\\School\\SPRING~3\\MATH37~1\\FINALP~2\\VENV~1\\lib\\site-packages\\uvicorn\\main.py\u001B]8;;\u0007\u001B[39m\", line 575, in run\n    server.run()\n  File \"\u001B[90m\u001B]8;line = 62;file://C:\\Users\\C25Christina.Marquez\\OneDrive - afacademy.af.edu\\Documents\\School\\Spring 2024\\Math 378\\Fi",
        "nal Project\\.venv\\Lib\\site-packages\\uvicorn\\server.py\u0007C:\\Users\\C25CHR~1.MAR\\ONEDRI~1.EDU\\DOCUME~1\\School\\SPRING~3\\MATH37~1\\FINALP~2\\VENV~1\\lib\\site-packages\\uvicorn\\server.py\u001B]8;;\u0007\u001B[39m\", line 62, in run\n    return asyncio.run(self.serve(sockets=sockets))\n  File \"\u001B[90m\u001B]8;line = 30;file://C:\\Users\\C25Christina.Marquez\\OneDrive - afacademy.af.edu\\Documents\\School\\Spring 2024\\Math 378\\Final Project\\.venv\\Lib\\site-packages\\nest_asyncio.py\u0007C:\\Users\\C25CHR~1.MAR\\ONEDRI~1.EDU\\DOCUME~1\\School\\SPRING~3\\MATH37~1\\FIN",
        "ALP~2\\VENV~1\\lib\\site-packages\\nest_asyncio.py\u001B]8;;\u0007\u001B[39m\", line 30, in run\n    return loop.run_until_complete(task)\n  File \"\u001B[90m\u001B]8;line = 92;file://C:\\Users\\C25Christina.Marquez\\OneDrive - afacademy.af.edu\\Documents\\School\\Spring 2024\\Math 378\\Final Project\\.venv\\Lib\\site-packages\\nest_asyncio.py\u0007C:\\Users\\C25CHR~1.MAR\\ONEDRI~1.EDU\\DOCUME~1\\School\\SPRING~3\\MATH37~1\\FINALP~2\\VENV~1\\lib\\site-packages\\nest_asyncio.py\u001B]8;;\u0007\u001B[39m\", line 92, in run_until_complete\n    self._run_once()\n  File \"\u001B[90m\u001B]8;line = 133",
        ";file://C:\\Users\\C25Christina.Marquez\\OneDrive - afacademy.af.edu\\Documents\\School\\Spring 2024\\Math 378\\Final Project\\.venv\\Lib\\site-packages\\nest_asyncio.py\u0007C:\\Users\\C25CHR~1.MAR\\ONEDRI~1.EDU\\DOCUME~1\\School\\SPRING~3\\MATH37~1\\FINALP~2\\VENV~1\\lib\\site-packages\\nest_asyncio.py\u001B]8;;\u0007\u001B[39m\", line 133, in _run_once\n    handle._run()\n  File \"\u001B[90m\u001B]8;line = 80;file://C:\\Program Files\\Python39\\Lib\\asyncio\\events.py\u0007C:\\Program Files\\Python39\\lib\\asyncio\\events.py\u001B]8;;\u0007\u001B[39m\", line 80, in _run\n    self._context.run",
        "(self._callback, *self._args)\n  File \"\u001B[90m\u001B]8;line = 339;file://C:\\Program Files\\Python39\\Lib\\asyncio\\tasks.py\u0007C:\\Program Files\\Python39\\lib\\asyncio\\tasks.py\u001B]8;;\u0007\u001B[39m\", line 339, in __wakeup\n    self.__step()\n  File \"\u001B[90m\u001B]8;line = 256;file://C:\\Program Files\\Python39\\Lib\\asyncio\\tasks.py\u0007C:\\Program Files\\Python39\\lib\\asyncio\\tasks.py\u001B]8;;\u0007\u001B[39m\", line 256, in __step\n    result = coro.send(None)\n  File \"\u001B[90m\u001B]8;line = 79;file://C:\\Users\\C25Christina.Marquez\\OneDrive - afacademy.af.edu\\Documents\\School\\",
        "Spring 2024\\Math 378\\Final Project\\.venv\\Lib\\site-packages\\uvicorn\\server.py\u0007C:\\Users\\C25CHR~1.MAR\\ONEDRI~1.EDU\\DOCUME~1\\School\\SPRING~3\\MATH37~1\\FINALP~2\\VENV~1\\lib\\site-packages\\uvicorn\\server.py\u001B]8;;\u0007\u001B[39m\", line 79, in serve\n    await self.startup(sockets=sockets)\n  File \"\u001B[90m\u001B]8;line = 167;file://C:\\Users\\C25Christina.Marquez\\OneDrive - afacademy.af.edu\\Documents\\School\\Spring 2024\\Math 378\\Final Project\\.venv\\Lib\\site-packages\\uvicorn\\server.py\u0007C:\\Users\\C25CHR~1.MAR\\ONEDRI~1.EDU\\DOCUME~1\\School\\SPRIN",
        "G~3\\MATH37~1\\FINALP~2\\VENV~1\\lib\\site-packages\\uvicorn\\server.py\u001B]8;;\u0007\u001B[39m\", line 167, in startup\n    sys.exit(1)\nSystemExit: 1\n",
        ">>> ",
        "from palmerpenguins import penguins",
        ">>> ",
        "from pandas import get_dummies",
        ">>> ",
        "import numpy as np",
        ">>> ",
        "from sklearn.linear_model import LinearRegression",
        ">>> ",
        "from sklearn import preprocessing",
        ">>> ",
        "from vetiver import VetiverModel",
        ">>> ",
        "from vetiver import VetiverAPI",
        ">>> ",
        "from vetiver import vetiver_pin_write",
        ">>> ",
        "from vetiver import prepare_docker",
        ">>> ",
        "import pins",
        ">>> ",
        "import duckdb",
        ">>> ",
        ">>> ",
        "con = duckdb.connect('my-db.duckdb')",
        ">>> ",
        "df = con.execute(\"SELECT * FROM penguins\").fetchdf().dropna()",
        ">>> ",
        "con.close()",
        ">>> ",
        ">>> ",
        "X = get_dummies(df[['bill_length_mm', 'species', 'sex']], drop_first = True)",
        ">>> ",
        "y = df['body_mass_g']",
        ">>> ",
        ">>> ",
        "model = LinearRegression().fit(X, y)",
        ">>> ",
        "v = VetiverModel(model, model_name='penguin_model', prototype_data=X)",
        ">>> ",
        "b = pins.board_folder('data/model/',allow_pickle_read=True)",
        ">>> ",
        "vetiver_pin_write(b,v)",
        "Model Cards provide a framework for transparent, responsible reporting. \r\n Use the vetiver `.qmd` Quarto template as a place to start, \r\n with vetiver.model_card()\r\nWriting pin:\r\nName: 'penguin_model'\r\nVersion: 20240310T135659Z-a6f9b\r\n",
        ">>> ",
        "app = VetiverAPI(v,check_prototype=True)",
        ">>> ",
        "app.run(port = 8080)",
        "C:\\Users\\C25CHR~1.MAR\\ONEDRI~1.EDU\\DOCUME~1\\School\\SPRING~3\\MATH37~1\\FINALP~2\\VENV~1\\lib\\site-packages\\vetiver\\utils.py:18: UserWarning: You may be running from a notebook environment. Jupyter Notebooks are not considered stable environments for production code\r\n  warnings.warn(\r\nINFO:     Started server process [12404]\r\nINFO:     Waiting for application startup.\r\nINFO:     VetiverAPI starting...\r\nINFO:     Application startup complete.\r\nERROR:    [Errno 10048] error while attempting to bind on address ('12",
        "7.0.0.1', 8080): only one usage of each socket address (protocol/network address/port) is normally permitted\r\nINFO:     Waiting for application shutdown.\r\nINFO:     Application shutdown complete.\r\nTraceback (most recent call last):\n  File \"\u001B[90m\u001B]8;line = 157;file://C:\\Users\\C25Christina.Marquez\\OneDrive - afacademy.af.edu\\Documents\\School\\Spring 2024\\Math 378\\Final Project\\.venv\\Lib\\site-packages\\uvicorn\\server.py\u0007C:\\Users\\C25CHR~1.MAR\\ONEDRI~1.EDU\\DOCUME~1\\School\\SPRING~3\\MATH37~1\\FINALP~2\\VENV~1\\lib\\site",
        "-packages\\uvicorn\\server.py\u001B]8;;\u0007\u001B[39m\", line 157, in startup\n    server = await loop.create_server(\n  File \"\u001B[90m\u001B]8;line = 1494;file://C:\\Program Files\\Python39\\Lib\\asyncio\\base_events.py\u0007C:\\Program Files\\Python39\\lib\\asyncio\\base_events.py\u001B]8;;\u0007\u001B[39m\", line 1494, in create_server\n    raise OSError(err.errno, 'error while attempting '\nOSError: [Errno 10048] error while attempting to bind on address ('127.0.0.1', 8080): only one usage of each socket address (protocol/network address/port) is normally permi",
        "tted\n\nDuring handling of the above exception, another exception occurred:\n\nTraceback (most recent call last):\n  File \"<string>\", line 1, in <module>\n  File \"\u001B[90m\u001B]8;line = 282;file://C:\\Users\\C25Christina.Marquez\\OneDrive - afacademy.af.edu\\Documents\\School\\Spring 2024\\Math 378\\Final Project\\.venv\\Lib\\site-packages\\vetiver\\server.py\u0007C:\\Users\\C25CHR~1.MAR\\ONEDRI~1.EDU\\DOCUME~1\\School\\SPRING~3\\MATH37~1\\FINALP~2\\VENV~1\\lib\\site-packages\\vetiver\\server.py\u001B]8;;\u0007\u001B[39m\", line 282, in run\n    uvicorn.run(self.app,",
        " port=port, host=host, **kw)\n  File \"\u001B[90m\u001B]8;line = 575;file://C:\\Users\\C25Christina.Marquez\\OneDrive - afacademy.af.edu\\Documents\\School\\Spring 2024\\Math 378\\Final Project\\.venv\\Lib\\site-packages\\uvicorn\\main.py\u0007C:\\Users\\C25CHR~1.MAR\\ONEDRI~1.EDU\\DOCUME~1\\School\\SPRING~3\\MATH37~1\\FINALP~2\\VENV~1\\lib\\site-packages\\uvicorn\\main.py\u001B]8;;\u0007\u001B[39m\", line 575, in run\n    server.run()\n  File \"\u001B[90m\u001B]8;line = 62;file://C:\\Users\\C25Christina.Marquez\\OneDrive - afacademy.af.edu\\Documents\\School\\Spring 2024\\Math 378\\Fi",
        "nal Project\\.venv\\Lib\\site-packages\\uvicorn\\server.py\u0007C:\\Users\\C25CHR~1.MAR\\ONEDRI~1.EDU\\DOCUME~1\\School\\SPRING~3\\MATH37~1\\FINALP~2\\VENV~1\\lib\\site-packages\\uvicorn\\server.py\u001B]8;;\u0007\u001B[39m\", line 62, in run\n    return asyncio.run(self.serve(sockets=sockets))\n  File \"\u001B[90m\u001B]8;line = 30;file://C:\\Users\\C25Christina.Marquez\\OneDrive - afacademy.af.edu\\Documents\\School\\Spring 2024\\Math 378\\Final Project\\.venv\\Lib\\site-packages\\nest_asyncio.py\u0007C:\\Users\\C25CHR~1.MAR\\ONEDRI~1.EDU\\DOCUME~1\\School\\SPRING~3\\MATH37~1\\FIN",
        "ALP~2\\VENV~1\\lib\\site-packages\\nest_asyncio.py\u001B]8;;\u0007\u001B[39m\", line 30, in run\n    return loop.run_until_complete(task)\n  File \"\u001B[90m\u001B]8;line = 92;file://C:\\Users\\C25Christina.Marquez\\OneDrive - afacademy.af.edu\\Documents\\School\\Spring 2024\\Math 378\\Final Project\\.venv\\Lib\\site-packages\\nest_asyncio.py\u0007C:\\Users\\C25CHR~1.MAR\\ONEDRI~1.EDU\\DOCUME~1\\School\\SPRING~3\\MATH37~1\\FINALP~2\\VENV~1\\lib\\site-packages\\nest_asyncio.py\u001B]8;;\u0007\u001B[39m\", line 92, in run_until_complete\n    self._run_once()\n  File \"\u001B[90m\u001B]8;line = 133",
        ";file://C:\\Users\\C25Christina.Marquez\\OneDrive - afacademy.af.edu\\Documents\\School\\Spring 2024\\Math 378\\Final Project\\.venv\\Lib\\site-packages\\nest_asyncio.py\u0007C:\\Users\\C25CHR~1.MAR\\ONEDRI~1.EDU\\DOCUME~1\\School\\SPRING~3\\MATH37~1\\FINALP~2\\VENV~1\\lib\\site-packages\\nest_asyncio.py\u001B]8;;\u0007\u001B[39m\", line 133, in _run_once\n    handle._run()\n  File \"\u001B[90m\u001B]8;line = 80;file://C:\\Program Files\\Python39\\Lib\\asyncio\\events.py\u0007C:\\Program Files\\Python39\\lib\\asyncio\\events.py\u001B]8;;\u0007\u001B[39m\", line 80, in _run\n    self._context.run",
        "(self._callback, *self._args)\n  File \"\u001B[90m\u001B]8;line = 339;file://C:\\Program Files\\Python39\\Lib\\asyncio\\tasks.py\u0007C:\\Program Files\\Python39\\lib\\asyncio\\tasks.py\u001B]8;;\u0007\u001B[39m\", line 339, in __wakeup\n    self.__step()\n  File \"\u001B[90m\u001B]8;line = 256;file://C:\\Program Files\\Python39\\Lib\\asyncio\\tasks.py\u0007C:\\Program Files\\Python39\\lib\\asyncio\\tasks.py\u001B]8;;\u0007\u001B[39m\", line 256, in __step\n    result = coro.send(None)\n  File \"\u001B[90m\u001B]8;line = 79;file://C:\\Users\\C25Christina.Marquez\\OneDrive - afacademy.af.edu\\Documents\\School\\",
        "Spring 2024\\Math 378\\Final Project\\.venv\\Lib\\site-packages\\uvicorn\\server.py\u0007C:\\Users\\C25CHR~1.MAR\\ONEDRI~1.EDU\\DOCUME~1\\School\\SPRING~3\\MATH37~1\\FINALP~2\\VENV~1\\lib\\site-packages\\uvicorn\\server.py\u001B]8;;\u0007\u001B[39m\", line 79, in serve\n    await self.startup(sockets=sockets)\n  File \"\u001B[90m\u001B]8;line = 167;file://C:\\Users\\C25Christina.Marquez\\OneDrive - afacademy.af.edu\\Documents\\School\\Spring 2024\\Math 378\\Final Project\\.venv\\Lib\\site-packages\\uvicorn\\server.py\u0007C:\\Users\\C25CHR~1.MAR\\ONEDRI~1.EDU\\DOCUME~1\\School\\SPRIN",
        "G~3\\MATH37~1\\FINALP~2\\VENV~1\\lib\\site-packages\\uvicorn\\server.py\u001B]8;;\u0007\u001B[39m\", line 167, in startup\n    sys.exit(1)\nSystemExit: 1\n",
        ">>> ",
        ">>> ",
        ">>> ",
        "X = get_dummies(df[['bill_length_mm', 'species', 'sex']], drop_first = True)",
        ">>> ",
        "y = df['body_mass_g']",
        ">>> ",
        ">>> ",
        "model = LinearRegression().fit(X, y)",
        ">>> ",
        "v = VetiverModel(model, model_name='penguin_model', prototype_data=X)",
        ">>> ",
        "b = pins.board_folder('data/model/',allow_pickle_read=True)",
        ">>> ",
        "vetiver_pin_write(b,v)",
        "Model Cards provide a framework for transparent, responsible reporting. \r\n Use the vetiver `.qmd` Quarto template as a place to start, \r\n with vetiver.model_card()\r\nWriting pin:\r\nName: 'penguin_model'\r\nVersion: 20240310T135746Z-a6f9b\r\n",
        ">>> ",
        "app = VetiverAPI(v,check_prototype=True)",
        ">>> ",
        "app.run(port = 8080)",
        "C:\\Users\\C25CHR~1.MAR\\ONEDRI~1.EDU\\DOCUME~1\\School\\SPRING~3\\MATH37~1\\FINALP~2\\VENV~1\\lib\\site-packages\\vetiver\\utils.py:18: UserWarning: You may be running from a notebook environment. Jupyter Notebooks are not considered stable environments for production code\r\n  warnings.warn(\r\nINFO:     Started server process [12404]\r\nINFO:     Waiting for application startup.\r\nINFO:     VetiverAPI starting...\r\nINFO:     Application startup complete.\r\nERROR:    [Errno 10048] error while attempting to bind on address ('12",
        "7.0.0.1', 8080): only one usage of each socket address (protocol/network address/port) is normally permitted\r\nINFO:     Waiting for application shutdown.\r\nINFO:     Application shutdown complete.\r\nTraceback (most recent call last):\n  File \"\u001B[90m\u001B]8;line = 157;file://C:\\Users\\C25Christina.Marquez\\OneDrive - afacademy.af.edu\\Documents\\School\\Spring 2024\\Math 378\\Final Project\\.venv\\Lib\\site-packages\\uvicorn\\server.py\u0007C:\\Users\\C25CHR~1.MAR\\ONEDRI~1.EDU\\DOCUME~1\\School\\SPRING~3\\MATH37~1\\FINALP~2\\VENV~1\\lib\\site",
        "-packages\\uvicorn\\server.py\u001B]8;;\u0007\u001B[39m\", line 157, in startup\n    server = await loop.create_server(\n  File \"\u001B[90m\u001B]8;line = 1494;file://C:\\Program Files\\Python39\\Lib\\asyncio\\base_events.py\u0007C:\\Program Files\\Python39\\lib\\asyncio\\base_events.py\u001B]8;;\u0007\u001B[39m\", line 1494, in create_server\n    raise OSError(err.errno, 'error while attempting '\nOSError: [Errno 10048] error while attempting to bind on address ('127.0.0.1', 8080): only one usage of each socket address (protocol/network address/port) is normally permi",
        "tted\n\nDuring handling of the above exception, another exception occurred:\n\nTraceback (most recent call last):\n  File \"<string>\", line 1, in <module>\n  File \"\u001B[90m\u001B]8;line = 282;file://C:\\Users\\C25Christina.Marquez\\OneDrive - afacademy.af.edu\\Documents\\School\\Spring 2024\\Math 378\\Final Project\\.venv\\Lib\\site-packages\\vetiver\\server.py\u0007C:\\Users\\C25CHR~1.MAR\\ONEDRI~1.EDU\\DOCUME~1\\School\\SPRING~3\\MATH37~1\\FINALP~2\\VENV~1\\lib\\site-packages\\vetiver\\server.py\u001B]8;;\u0007\u001B[39m\", line 282, in run\n    uvicorn.run(self.app,",
        " port=port, host=host, **kw)\n  File \"\u001B[90m\u001B]8;line = 575;file://C:\\Users\\C25Christina.Marquez\\OneDrive - afacademy.af.edu\\Documents\\School\\Spring 2024\\Math 378\\Final Project\\.venv\\Lib\\site-packages\\uvicorn\\main.py\u0007C:\\Users\\C25CHR~1.MAR\\ONEDRI~1.EDU\\DOCUME~1\\School\\SPRING~3\\MATH37~1\\FINALP~2\\VENV~1\\lib\\site-packages\\uvicorn\\main.py\u001B]8;;\u0007\u001B[39m\", line 575, in run\n    server.run()\n  File \"\u001B[90m\u001B]8;line = 62;file://C:\\Users\\C25Christina.Marquez\\OneDrive - afacademy.af.edu\\Documents\\School\\Spring 2024\\Math 378\\Fi",
        "nal Project\\.venv\\Lib\\site-packages\\uvicorn\\server.py\u0007C:\\Users\\C25CHR~1.MAR\\ONEDRI~1.EDU\\DOCUME~1\\School\\SPRING~3\\MATH37~1\\FINALP~2\\VENV~1\\lib\\site-packages\\uvicorn\\server.py\u001B]8;;\u0007\u001B[39m\", line 62, in run\n    return asyncio.run(self.serve(sockets=sockets))\n  File \"\u001B[90m\u001B]8;line = 30;file://C:\\Users\\C25Christina.Marquez\\OneDrive - afacademy.af.edu\\Documents\\School\\Spring 2024\\Math 378\\Final Project\\.venv\\Lib\\site-packages\\nest_asyncio.py\u0007C:\\Users\\C25CHR~1.MAR\\ONEDRI~1.EDU\\DOCUME~1\\School\\SPRING~3\\MATH37~1\\FIN",
        "ALP~2\\VENV~1\\lib\\site-packages\\nest_asyncio.py\u001B]8;;\u0007\u001B[39m\", line 30, in run\n    return loop.run_until_complete(task)\n  File \"\u001B[90m\u001B]8;line = 92;file://C:\\Users\\C25Christina.Marquez\\OneDrive - afacademy.af.edu\\Documents\\School\\Spring 2024\\Math 378\\Final Project\\.venv\\Lib\\site-packages\\nest_asyncio.py\u0007C:\\Users\\C25CHR~1.MAR\\ONEDRI~1.EDU\\DOCUME~1\\School\\SPRING~3\\MATH37~1\\FINALP~2\\VENV~1\\lib\\site-packages\\nest_asyncio.py\u001B]8;;\u0007\u001B[39m\", line 92, in run_until_complete\n    self._run_once()\n  File \"\u001B[90m\u001B]8;line = 133",
        ";file://C:\\Users\\C25Christina.Marquez\\OneDrive - afacademy.af.edu\\Documents\\School\\Spring 2024\\Math 378\\Final Project\\.venv\\Lib\\site-packages\\nest_asyncio.py\u0007C:\\Users\\C25CHR~1.MAR\\ONEDRI~1.EDU\\DOCUME~1\\School\\SPRING~3\\MATH37~1\\FINALP~2\\VENV~1\\lib\\site-packages\\nest_asyncio.py\u001B]8;;\u0007\u001B[39m\", line 133, in _run_once\n    handle._run()\n  File \"\u001B[90m\u001B]8;line = 80;file://C:\\Program Files\\Python39\\Lib\\asyncio\\events.py\u0007C:\\Program Files\\Python39\\lib\\asyncio\\events.py\u001B]8;;\u0007\u001B[39m\", line 80, in _run\n    self._context.run",
        "(self._callback, *self._args)\n  File \"\u001B[90m\u001B]8;line = 339;file://C:\\Program Files\\Python39\\Lib\\asyncio\\tasks.py\u0007C:\\Program Files\\Python39\\lib\\asyncio\\tasks.py\u001B]8;;\u0007\u001B[39m\", line 339, in __wakeup\n    self.__step()\n  File \"\u001B[90m\u001B]8;line = 256;file://C:\\Program Files\\Python39\\Lib\\asyncio\\tasks.py\u0007C:\\Program Files\\Python39\\lib\\asyncio\\tasks.py\u001B]8;;\u0007\u001B[39m\", line 256, in __step\n    result = coro.send(None)\n  File \"\u001B[90m\u001B]8;line = 79;file://C:\\Users\\C25Christina.Marquez\\OneDrive - afacademy.af.edu\\Documents\\School\\",
        "Spring 2024\\Math 378\\Final Project\\.venv\\Lib\\site-packages\\uvicorn\\server.py\u0007C:\\Users\\C25CHR~1.MAR\\ONEDRI~1.EDU\\DOCUME~1\\School\\SPRING~3\\MATH37~1\\FINALP~2\\VENV~1\\lib\\site-packages\\uvicorn\\server.py\u001B]8;;\u0007\u001B[39m\", line 79, in serve\n    await self.startup(sockets=sockets)\n  File \"\u001B[90m\u001B]8;line = 167;file://C:\\Users\\C25Christina.Marquez\\OneDrive - afacademy.af.edu\\Documents\\School\\Spring 2024\\Math 378\\Final Project\\.venv\\Lib\\site-packages\\uvicorn\\server.py\u0007C:\\Users\\C25CHR~1.MAR\\ONEDRI~1.EDU\\DOCUME~1\\School\\SPRIN",
        "G~3\\MATH37~1\\FINALP~2\\VENV~1\\lib\\site-packages\\uvicorn\\server.py\u001B]8;;\u0007\u001B[39m\", line 167, in startup\n    sys.exit(1)\nSystemExit: 1\n",
        ">>> ",
        "import requests",
        ">>> ",
        ">>> ",
        "req_data = {",
        "... ",
        "  \"bill_length_mm\": 0,",
        "... ",
        "  \"species_Chinstrap\": False,",
        "... ",
        "  \"species_Gentoo\": False,",
        "... ",
        "  \"sex_male\": False",
        "... ",
        "}",
        ">>> ",
        "req = requests.post('http://127.0.0.1:8080/predict', json = [req_data])",
        ">>> ",
        "res = req.json().get('predict')[0]",
        ">>> ",
        ">>> ",
        "X = get_dummies(df[['bill_length_mm', 'species', 'sex']], drop_first = True)",
        ">>> ",
        "y = df['body_mass_g']",
        ">>> ",
        ">>> ",
        "model = LinearRegression().fit(X, y)",
        ">>> ",
        "v = VetiverModel(model, model_name='penguin_model', prototype_data=X)",
        ">>> ",
        "b = pins.board_folder('data/model/',allow_pickle_read=True)",
        ">>> ",
        "vetiver_pin_write(b,v)",
        "Model Cards provide a framework for transparent, responsible reporting. \r\n Use the vetiver `.qmd` Quarto template as a place to start, \r\n with vetiver.model_card()\r\nWriting pin:\r\nName: 'penguin_model'\r\nVersion: 20240310T135912Z-a6f9b\r\n",
        ">>> ",
        "app = VetiverAPI(v,check_prototype=True)",
        ">>> ",
        "#app.run(port = 8080)",
        ">>> ",
        "import requests",
        ">>> ",
        ">>> ",
        "req_data = {",
        "... ",
        "  \"bill_length_mm\": 0,",
        "... ",
        "  \"species_Chinstrap\": False,",
        "... ",
        "  \"species_Gentoo\": False,",
        "... ",
        "  \"sex_male\": False",
        "... ",
        "}",
        ">>> ",
        "req = requests.post('http://127.0.0.1:8080/predict', json = [req_data])",
        ">>> ",
        "res = req.json().get('predict')[0]",
        ">>> ",
        ">>> ",
        "X = get_dummies(df[['bill_length_mm', 'species', 'sex']], drop_first = True)",
        ">>> ",
        "y = df['body_mass_g']",
        ">>> ",
        ">>> ",
        "model = LinearRegression().fit(X, y)",
        ">>> ",
        "v = VetiverModel(model, model_name='penguin_model', prototype_data=X)",
        ">>> ",
        "b = pins.board_folder('data/model/',allow_pickle_read=True)",
        ">>> ",
        "vetiver_pin_write(b,v)",
        "Model Cards provide a framework for transparent, responsible reporting. \r\n Use the vetiver `.qmd` Quarto template as a place to start, \r\n with vetiver.model_card()\r\nTask exception was never retrieved\r\nfuture: <Task finished name='Task-13' coro=<Server.serve() done, defined at C:\\Users\\C25CHR~1.MAR\\ONEDRI~1.EDU\\DOCUME~1\\School\\SPRING~3\\MATH37~1\\FINALP~2\\VENV~1\\lib\\site-packages\\uvicorn\\server.py:64> exception=SystemExit(1)>\r\nTraceback (most recent call last):\r\n  File \"C:\\Users\\C25CHR~1.MAR\\ONEDRI~1.EDU\\DOCUM",
        "E~1\\School\\SPRING~3\\MATH37~1\\FINALP~2\\VENV~1\\lib\\site-packages\\uvicorn\\server.py\", line 157, in startup\r\n    server = await loop.create_server(\r\n  File \"C:\\Program Files\\Python39\\lib\\asyncio\\base_events.py\", line 1494, in create_server\r\n    raise OSError(err.errno, 'error while attempting '\r\nOSError: [Errno 10048] error while attempting to bind on address ('127.0.0.1', 8080): only one usage of each socket address (protocol/network address/port) is normally permitted\r\n\r\nDuring handling of the above exception",
        ", another exception occurred:\r\n\r\nTraceback (most recent call last):\r\n  File \"<string>\", line 1, in <module>\r\n  File \"C:\\Users\\C25CHR~1.MAR\\ONEDRI~1.EDU\\DOCUME~1\\School\\SPRING~3\\MATH37~1\\FINALP~2\\VENV~1\\lib\\site-packages\\vetiver\\server.py\", line 282, in run\r\n    uvicorn.run(self.app, port=port, host=host, **kw)\r\n  File \"C:\\Users\\C25CHR~1.MAR\\ONEDRI~1.EDU\\DOCUME~1\\School\\SPRING~3\\MATH37~1\\FINALP~2\\VENV~1\\lib\\site-packages\\uvicorn\\main.py\", line 575, in run\r\n    server.run()\r\n  File \"C:\\Users\\C25CHR~1.MAR\\ONED",
        "RI~1.EDU\\DOCUME~1\\School\\SPRING~3\\MATH37~1\\FINALP~2\\VENV~1\\lib\\site-packages\\uvicorn\\server.py\", line 62, in run\r\n    return asyncio.run(self.serve(sockets=sockets))\r\n  File \"C:\\Users\\C25CHR~1.MAR\\ONEDRI~1.EDU\\DOCUME~1\\School\\SPRING~3\\MATH37~1\\FINALP~2\\VENV~1\\lib\\site-packages\\nest_asyncio.py\", line 30, in run\r\n    return loop.run_until_complete(task)\r\n  File \"C:\\Users\\C25CHR~1.MAR\\ONEDRI~1.EDU\\DOCUME~1\\School\\SPRING~3\\MATH37~1\\FINALP~2\\VENV~1\\lib\\site-packages\\nest_asyncio.py\", line 92, in run_until_comple",
        "te\r\n    self._run_once()\r\n  File \"C:\\Users\\C25CHR~1.MAR\\ONEDRI~1.EDU\\DOCUME~1\\School\\SPRING~3\\MATH37~1\\FINALP~2\\VENV~1\\lib\\site-packages\\nest_asyncio.py\", line 133, in _run_once\r\n    handle._run()\r\n  File \"C:\\Program Files\\Python39\\lib\\asyncio\\events.py\", line 80, in _run\r\n    self._context.run(self._callback, *self._args)\r\n  File \"C:\\Program Files\\Python39\\lib\\asyncio\\tasks.py\", line 339, in __wakeup\r\n    self.__step()\r\n  File \"C:\\Program Files\\Python39\\lib\\asyncio\\tasks.py\", line 256, in __step\r\n    resul",
        "t = coro.send(None)\r\n  File \"C:\\Users\\C25CHR~1.MAR\\ONEDRI~1.EDU\\DOCUME~1\\School\\SPRING~3\\MATH37~1\\FINALP~2\\VENV~1\\lib\\site-packages\\uvicorn\\server.py\", line 79, in serve\r\n    await self.startup(sockets=sockets)\r\n  File \"C:\\Users\\C25CHR~1.MAR\\ONEDRI~1.EDU\\DOCUME~1\\School\\SPRING~3\\MATH37~1\\FINALP~2\\VENV~1\\lib\\site-packages\\uvicorn\\server.py\", line 167, in startup\r\n    sys.exit(1)\r\nSystemExit: 1\r\nWriting pin:\r\nName: 'penguin_model'\r\nVersion: 20240310T135928Z-a6f9b\r\n",
        ">>> ",
        "app = VetiverAPI(v,check_prototype=True)",
        ">>> ",
        "#app.run(port = 8080)",
        ">>> ",
        "import requests",
        ">>> ",
        ">>> ",
        "req_data = {",
        "... ",
        "  \"bill_length_mm\": 0,",
        "... ",
        "  \"species_Chinstrap\": False,",
        "... ",
        "  \"species_Gentoo\": False,",
        "... ",
        "  \"sex_male\": False",
        "... ",
        "}",
        ">>> ",
        "req = requests.post('http://127.0.0.1:8080/predict', json = [req_data])",
        ">>> ",
        "(res = req.json().get('predict')[0])",
        "  File \"<string>\", line 1\n    (res = req.json().get('predict')[0])\n         ^\nSyntaxError: invalid syntax\n",
        ">>> ",
        ">>> ",
        "X = get_dummies(df[['bill_length_mm', 'species', 'sex']], drop_first = True)",
        ">>> ",
        "y = df['body_mass_g']",
        ">>> ",
        ">>> ",
        "model = LinearRegression().fit(X, y)",
        ">>> ",
        "v = VetiverModel(model, model_name='penguin_model', prototype_data=X)",
        ">>> ",
        "b = pins.board_folder('data/model/',allow_pickle_read=True)",
        ">>> ",
        "vetiver_pin_write(b,v)",
        "Model Cards provide a framework for transparent, responsible reporting. \r\n Use the vetiver `.qmd` Quarto template as a place to start, \r\n with vetiver.model_card()\r\nWriting pin:\r\nName: 'penguin_model'\r\nVersion: 20240310T135940Z-a6f9b\r\n",
        ">>> ",
        "app = VetiverAPI(v,check_prototype=True)",
        ">>> ",
        "#app.run(port = 8080)",
        ">>> ",
        "import requests",
        ">>> ",
        ">>> ",
        "req_data = {",
        "... ",
        "  \"bill_length_mm\": 0,",
        "... ",
        "  \"species_Chinstrap\": False,",
        "... ",
        "  \"species_Gentoo\": False,",
        "... ",
        "  \"sex_male\": False",
        "... ",
        "}",
        ">>> ",
        "req = requests.post('http://127.0.0.1:8080/predict', json = [req_data])",
        ">>> ",
        "res = display(req.json().get('predict')[0])",
        "Traceback (most recent call last):\n  File \"<string>\", line 1, in <module>\nNameError: name 'display' is not defined\n",
        ">>> ",
        ">>> ",
        "X = get_dummies(df[['bill_length_mm', 'species', 'sex']], drop_first = True)",
        ">>> ",
        "y = df['body_mass_g']",
        ">>> ",
        ">>> ",
        "model = LinearRegression().fit(X, y)",
        ">>> ",
        "v = VetiverModel(model, model_name='penguin_model', prototype_data=X)",
        ">>> ",
        "b = pins.board_folder('data/model/',allow_pickle_read=True)",
        ">>> ",
        "vetiver_pin_write(b,v)",
        "Model Cards provide a framework for transparent, responsible reporting. \r\n Use the vetiver `.qmd` Quarto template as a place to start, \r\n with vetiver.model_card()\r\nWriting pin:\r\nName: 'penguin_model'\r\nVersion: 20240310T140318Z-a6f9b\r\n",
        ">>> ",
        "app = VetiverAPI(v,check_prototype=True)",
        ">>> ",
        "app.run(port = 8080)",
        "C:\\Users\\C25CHR~1.MAR\\ONEDRI~1.EDU\\DOCUME~1\\School\\SPRING~3\\MATH37~1\\FINALP~2\\VENV~1\\lib\\site-packages\\vetiver\\utils.py:18: UserWarning: You may be running from a notebook environment. Jupyter Notebooks are not considered stable environments for production code\r\n  warnings.warn(\r\nINFO:     Started server process [12404]\r\nINFO:     Waiting for application startup.\r\nINFO:     VetiverAPI starting...\r\nINFO:     Application startup complete.\r\nERROR:    [Errno 10048] error while attempting to bind on address ('12",
        "7.0.0.1', 8080): only one usage of each socket address (protocol/network address/port) is normally permitted\r\nINFO:     Waiting for application shutdown.\r\nINFO:     Application shutdown complete.\r\nTraceback (most recent call last):\n  File \"\u001B[90m\u001B]8;line = 157;file://C:\\Users\\C25Christina.Marquez\\OneDrive - afacademy.af.edu\\Documents\\School\\Spring 2024\\Math 378\\Final Project\\.venv\\Lib\\site-packages\\uvicorn\\server.py\u0007C:\\Users\\C25CHR~1.MAR\\ONEDRI~1.EDU\\DOCUME~1\\School\\SPRING~3\\MATH37~1\\FINALP~2\\VENV~1\\lib\\site",
        "-packages\\uvicorn\\server.py\u001B]8;;\u0007\u001B[39m\", line 157, in startup\n    server = await loop.create_server(\n  File \"\u001B[90m\u001B]8;line = 1494;file://C:\\Program Files\\Python39\\Lib\\asyncio\\base_events.py\u0007C:\\Program Files\\Python39\\lib\\asyncio\\base_events.py\u001B]8;;\u0007\u001B[39m\", line 1494, in create_server\n    raise OSError(err.errno, 'error while attempting '\nOSError: [Errno 10048] error while attempting to bind on address ('127.0.0.1', 8080): only one usage of each socket address (protocol/network address/port) is normally permi",
        "tted\n\nDuring handling of the above exception, another exception occurred:\n\nTraceback (most recent call last):\n  File \"<string>\", line 1, in <module>\n  File \"\u001B[90m\u001B]8;line = 282;file://C:\\Users\\C25Christina.Marquez\\OneDrive - afacademy.af.edu\\Documents\\School\\Spring 2024\\Math 378\\Final Project\\.venv\\Lib\\site-packages\\vetiver\\server.py\u0007C:\\Users\\C25CHR~1.MAR\\ONEDRI~1.EDU\\DOCUME~1\\School\\SPRING~3\\MATH37~1\\FINALP~2\\VENV~1\\lib\\site-packages\\vetiver\\server.py\u001B]8;;\u0007\u001B[39m\", line 282, in run\n    uvicorn.run(self.app,",
        " port=port, host=host, **kw)\n  File \"\u001B[90m\u001B]8;line = 575;file://C:\\Users\\C25Christina.Marquez\\OneDrive - afacademy.af.edu\\Documents\\School\\Spring 2024\\Math 378\\Final Project\\.venv\\Lib\\site-packages\\uvicorn\\main.py\u0007C:\\Users\\C25CHR~1.MAR\\ONEDRI~1.EDU\\DOCUME~1\\School\\SPRING~3\\MATH37~1\\FINALP~2\\VENV~1\\lib\\site-packages\\uvicorn\\main.py\u001B]8;;\u0007\u001B[39m\", line 575, in run\n    server.run()\n  File \"\u001B[90m\u001B]8;line = 62;file://C:\\Users\\C25Christina.Marquez\\OneDrive - afacademy.af.edu\\Documents\\School\\Spring 2024\\Math 378\\Fi",
        "nal Project\\.venv\\Lib\\site-packages\\uvicorn\\server.py\u0007C:\\Users\\C25CHR~1.MAR\\ONEDRI~1.EDU\\DOCUME~1\\School\\SPRING~3\\MATH37~1\\FINALP~2\\VENV~1\\lib\\site-packages\\uvicorn\\server.py\u001B]8;;\u0007\u001B[39m\", line 62, in run\n    return asyncio.run(self.serve(sockets=sockets))\n  File \"\u001B[90m\u001B]8;line = 30;file://C:\\Users\\C25Christina.Marquez\\OneDrive - afacademy.af.edu\\Documents\\School\\Spring 2024\\Math 378\\Final Project\\.venv\\Lib\\site-packages\\nest_asyncio.py\u0007C:\\Users\\C25CHR~1.MAR\\ONEDRI~1.EDU\\DOCUME~1\\School\\SPRING~3\\MATH37~1\\FIN",
        "ALP~2\\VENV~1\\lib\\site-packages\\nest_asyncio.py\u001B]8;;\u0007\u001B[39m\", line 30, in run\n    return loop.run_until_complete(task)\n  File \"\u001B[90m\u001B]8;line = 92;file://C:\\Users\\C25Christina.Marquez\\OneDrive - afacademy.af.edu\\Documents\\School\\Spring 2024\\Math 378\\Final Project\\.venv\\Lib\\site-packages\\nest_asyncio.py\u0007C:\\Users\\C25CHR~1.MAR\\ONEDRI~1.EDU\\DOCUME~1\\School\\SPRING~3\\MATH37~1\\FINALP~2\\VENV~1\\lib\\site-packages\\nest_asyncio.py\u001B]8;;\u0007\u001B[39m\", line 92, in run_until_complete\n    self._run_once()\n  File \"\u001B[90m\u001B]8;line = 133",
        ";file://C:\\Users\\C25Christina.Marquez\\OneDrive - afacademy.af.edu\\Documents\\School\\Spring 2024\\Math 378\\Final Project\\.venv\\Lib\\site-packages\\nest_asyncio.py\u0007C:\\Users\\C25CHR~1.MAR\\ONEDRI~1.EDU\\DOCUME~1\\School\\SPRING~3\\MATH37~1\\FINALP~2\\VENV~1\\lib\\site-packages\\nest_asyncio.py\u001B]8;;\u0007\u001B[39m\", line 133, in _run_once\n    handle._run()\n  File \"\u001B[90m\u001B]8;line = 80;file://C:\\Program Files\\Python39\\Lib\\asyncio\\events.py\u0007C:\\Program Files\\Python39\\lib\\asyncio\\events.py\u001B]8;;\u0007\u001B[39m\", line 80, in _run\n    self._context.run",
        "(self._callback, *self._args)\n  File \"\u001B[90m\u001B]8;line = 339;file://C:\\Program Files\\Python39\\Lib\\asyncio\\tasks.py\u0007C:\\Program Files\\Python39\\lib\\asyncio\\tasks.py\u001B]8;;\u0007\u001B[39m\", line 339, in __wakeup\n    self.__step()\n  File \"\u001B[90m\u001B]8;line = 256;file://C:\\Program Files\\Python39\\Lib\\asyncio\\tasks.py\u0007C:\\Program Files\\Python39\\lib\\asyncio\\tasks.py\u001B]8;;\u0007\u001B[39m\", line 256, in __step\n    result = coro.send(None)\n  File \"\u001B[90m\u001B]8;line = 79;file://C:\\Users\\C25Christina.Marquez\\OneDrive - afacademy.af.edu\\Documents\\School\\",
        "Spring 2024\\Math 378\\Final Project\\.venv\\Lib\\site-packages\\uvicorn\\server.py\u0007C:\\Users\\C25CHR~1.MAR\\ONEDRI~1.EDU\\DOCUME~1\\School\\SPRING~3\\MATH37~1\\FINALP~2\\VENV~1\\lib\\site-packages\\uvicorn\\server.py\u001B]8;;\u0007\u001B[39m\", line 79, in serve\n    await self.startup(sockets=sockets)\n  File \"\u001B[90m\u001B]8;line = 167;file://C:\\Users\\C25Christina.Marquez\\OneDrive - afacademy.af.edu\\Documents\\School\\Spring 2024\\Math 378\\Final Project\\.venv\\Lib\\site-packages\\uvicorn\\server.py\u0007C:\\Users\\C25CHR~1.MAR\\ONEDRI~1.EDU\\DOCUME~1\\School\\SPRIN",
        "G~3\\MATH37~1\\FINALP~2\\VENV~1\\lib\\site-packages\\uvicorn\\server.py\u001B]8;;\u0007\u001B[39m\", line 167, in startup\n    sys.exit(1)\nSystemExit: 1\n",
        ">>> ",
        ">>> ",
        "import requests",
        ">>> ",
        ">>> ",
        "req_data = {",
        "... ",
        "  \"bill_length_mm\": 0,",
        "... ",
        "  \"species_Chinstrap\": False,",
        "... ",
        "  \"species_Gentoo\": False,",
        "... ",
        "  \"sex_male\": False",
        "... ",
        "}",
        ">>> ",
        "req = requests.post('http://127.0.0.1:8080/predict', json = [req_data])",
        ">>> ",
        "res = req.json().get('predict')[0]",
        ">>> ",
        ">>> ",
        "View(res)",
        ">>> ",
        "import requests",
        ">>> ",
        ">>> ",
        "req_data = {",
        "... ",
        "  \"bill_length_mm\": 0,",
        "... ",
        "  \"species_Chinstrap\": False,",
        "... ",
        "  \"species_Gentoo\": False,",
        "... ",
        "  \"sex_male\": False",
        "... ",
        "}",
        ">>> ",
        "req = requests.post('http://127.0.0.1:8080/predict', json = [req_data])",
        ">>> ",
        "res = req.json().get('predict')[0]",
        ">>> ",
        "res",
        "2169.2697209393973\r\n",
        ">>> ",
        ">>> ",
        "from shiny import App, render, ui, reactive",
        ">>> ",
        "quit",
        "> ",
        "reticulate::source_python('~/School/Spring 2024/Math 378/Final Project/app.py')",
        "sys:1: FutureWarning: Index.format is deprecated and will be removed in a future version. Convert using index.astype(str) or index.map(formatter) instead.\r\n",
        "> ",
        "con <- DBI::dbConnect(duckdb::duckdb(), dbname = \"my-db.duckdb\")",
        "> ",
        "DBI::dbWriteTable(con, \"penguins\", palmerpenguins::penguins)",
        "> ",
        "DBI::dbDisconnect(con)",
        "> ",
        "> ",
        "con <- DBI::dbConnect(duckdb::duckdb(), dbname = \"my-db.duckdb\")",
        "> ",
        "df <-dplyr::tbl(con,\"penguins\")",
        "Error: ident_q requires the dbplyr package, please install it first and try again\n",
        "> ",
        "install.packages(\"dbplyr\")",
        "# Downloading packages -------------------------------------------------------\n- Downloading dbplyr from CRAN ...              OK [1.2 Mb in 2.2s]\n- Downloading blob from CRAN ...                OK [47.5 Kb in 0.88s]\n- Downloading tidyr from CRAN ...               OK [1.2 Mb in 1.7s]\nSuccessfully downloaded 3 packages in 11 seconds.\n\nThe following package(s) will be installed:\n- blob   [1.2.4]\n- dbplyr [2.4.0]\n- tidyr  [1.3.1]\nThese packages will be installed into \"~/School/Spring 2024/Math 378/Final Projec",
        "t/renv/library/R-4.3/x86_64-w64-mingw32\".\n\n",
        "Do you want to proceed? [Y/n]: ",
        "Y",
        "\n# Installing packages --------------------------------------------------------\n- Installing blob ...                           OK [installed binary and cached in 1.1s]\n- Installing tidyr ...                          OK [installed binary and cached in 1.0s]\n- Installing dbplyr ...                         OK [installed binary and cached in 1.7s]\nSuccessfully installed 3 packages in 4.5 seconds.\n",
        "> ",
        "library{dbplyr}",
        "Error: unexpected '{' in \"library{\"\n",
        "> ",
        "library(dbplyr)",
        "> ",
        "con <- DBI::dbConnect(duckdb::duckdb(), dbname = \"my-db.duckdb\")",
        "> ",
        "DBI::dbWriteTable(con, \"penguins\", palmerpenguins::penguins)",
        "> ",
        "DBI::dbDisconnect(con)",
        "> ",
        "> ",
        "con <- DBI::dbConnect(duckdb::duckdb(), dbname = \"my-db.duckdb\")",
        "> ",
        "df <-dplyr::tbl(con,\"penguins\")",
        "Warning: Database is garbage-collected, use dbDisconnect(con, shutdown=TRUE) or duckdb::duckdb_shutdown(drv) to avoid this.\n",
        "\u001B[1m\u001B[33mError\u001B[39m in `db_query_fields.DBIConnection()`:\u001B[22m\n\u001B[1m\u001B[22m\u001B[33m!\u001B[39m Can't query fields.\n\u001B[1mCaused by error:\u001B[22m\n\u001B[33m!\u001B[39m rapi_prepare: Failed to prepare query SELECT *\nFROM penguins q01\nWHERE (0 = 1)\nError: Catalog Error: Table with name penguins does not exist!\nDid you mean \"pg_enum\"?\nLINE 2: FROM penguins q01\n             ^\nBacktrace:\n\u001B[90m  1. \u001B[39m\u001B[1mdplyr\u001B[22m::tbl(con, \"penguins\")\n\u001B[90m  4. \u001B[39mdplyr:::tbl.DBIConnection(con, \"penguins\")\n\u001B[90m  6. \u001B[39m\u001B[1mdbplyr\u001B[22m:::tbl.src_d",
        "bi(...)\n\u001B[90m  7. \u001B[39mdbplyr::tbl_sql(c(subclass, \"dbi\"), src = src, from = from, ...)\n\u001B[90m  9. \u001B[39mdbplyr:::dbplyr_query_fields(src$con, from)\n\u001B[90m 10. \u001B[39mdbplyr:::dbplyr_fallback(con, \"db_query_fields\", ...)\n\u001B[90m 12. \u001B[39m\u001B[1m\u001B[94mdbplyr:::db_query_fields.DBIConnection(\u001B[39m\u001B[22mcon, ...\u001B[1m\u001B[94m)\u001B[39m\u001B[22m\n",
        "> ",
        "con <- DBI::dbConnect(duckdb::duckdb(), dbname = \"my-db.duckdb\")",
        "> ",
        "DBI::dbWriteTable(con, \"penguins\", palmerpenguins::penguins)",
        "> ",
        "DBI::dbDisconnect(con)",
        "> ",
        "> ",
        "con <- DBI::dbConnect(duckdb::duckdb(), dbname = \"my-db.duckdb\")",
        "> ",
        "df <-dplyr::tbl(con,\"penguins\")",
        "\u001B[1m\u001B[33mError\u001B[39m in `db_query_fields.DBIConnection()`:\u001B[22m\n\u001B[1m\u001B[22m\u001B[33m!\u001B[39m Can't query fields.\n\u001B[1mCaused by error:\u001B[22m\n\u001B[33m!\u001B[39m rapi_prepare: Failed to prepare query SELECT *\nFROM penguins q02\nWHERE (0 = 1)\nError: Catalog Error: Table with name penguins does not exist!\nDid you mean \"pg_enum\"?\nLINE 2: FROM penguins q02\n             ^\nBacktrace:\n\u001B[90m  1. \u001B[39m\u001B[1mdplyr\u001B[22m::tbl(con, \"penguins\")\n\u001B[90m  4. \u001B[39mdplyr:::tbl.DBIConnection(con, \"penguins\")\n\u001B[90m  6. \u001B[39m\u001B[1mdbplyr\u001B[22m:::tbl.src_d",
        "bi(...)\n\u001B[90m  7. \u001B[39mdbplyr::tbl_sql(c(subclass, \"dbi\"), src = src, from = from, ...)\n\u001B[90m  9. \u001B[39mdbplyr:::dbplyr_query_fields(src$con, from)\n\u001B[90m 10. \u001B[39mdbplyr:::dbplyr_fallback(con, \"db_query_fields\", ...)\n\u001B[90m 12. \u001B[39m\u001B[1m\u001B[94mdbplyr:::db_query_fields.DBIConnection(\u001B[39m\u001B[22mcon, ...\u001B[1m\u001B[94m)\u001B[39m\u001B[22m\n",
        "> ",
        "reticulate::source_python('~/School/Spring 2024/Math 378/Final Project/app_logging.py')",
        "> ",
        "reticulate::repl_python()",
        "Python 3.9.5 (C:/Users/C25Christina.Marquez/OneDrive - afacademy.af.edu/Documents/School/Spring 2024/Math 378/Final Project/.venv/Scripts/python.exe)\nReticulate 1.35.0 REPL -- A Python interpreter in R.\nEnter 'exit' or 'quit' to exit the REPL and return to R.\n",
        ">>> ",
        "        return d",
        "  File \"<string>\", line 1\nSyntaxError: 'return' outside function\n",
        ">>> ",
        "from shiny import App, render, ui, reactive",
        ">>> ",
        "import requests",
        ">>> ",
        ">>> ",
        "api_url = 'http://127.0.0.1:8080/predict'",
        ">>> ",
        ">>> ",
        "app_ui = ui.page_fluid(",
        "... ",
        "    ui.panel_title(\"Penguin Mass Predictor\"), ",
        "... ",
        "    ui.layout_sidebar(",
        "... ",
        "        ui.panel_sidebar(",
        "... ",
        "            [ui.input_slider(\"bill_length\", \"Bill Length (mm)\", 30, 60, 45, step = 0.1),",
        "... ",
        "            ui.input_select(\"sex\", \"Sex\", [\"Male\", \"Female\"]),",
        "... ",
        "            ui.input_select(\"species\", \"Species\", [\"Adelie\", \"Chinstrap\", \"Gentoo\"]),",
        "... ",
        "            ui.input_action_button(\"predict\", \"Predict\")]",
        "... ",
        "        ),",
        "... ",
        "        ui.panel_main(",
        "... ",
        "            ui.h2(\"Penguin Parameters\"),",
        "... ",
        "            ui.output_text_verbatim(\"vals_out\"),",
        "... ",
        "            ui.h2(\"Predicted Penguin Mass (g)\"), ",
        "... ",
        "            ui.output_text(\"pred_out\")",
        "... ",
        "        )",
        "... ",
        "    )   ",
        "... ",
        ")",
        ">>> ",
        ">>> ",
        ">>> ",
        "import logging",
        ">>> ",
        ">>> ",
        "logging.basicConfig(",
        "... ",
        "    format='%(asctime)s - %(message)s',",
        "... ",
        "    level=logging.INFO",
        "... ",
        ")",
        ">>> ",
        "def server(input, output, session):",
        "... ",
        "    logging.info(\"App start\")",
        "... ",
        "    ",
        "... ",
        "    @reactive.Calc",
        "... ",
        "    def vals():",
        "... ",
        "        d = {",
        "... ",
        "            \"bill_length_mm\" : input.bill_length(),",
        "... ",
        "            \"sex_male\" : input.sex() == \"Male\",",
        "... ",
        "            \"species_Gentoo\" : input.species() == \"Gentoo\", ",
        "... ",
        "            \"species_Chinstrap\" : input.species() == \"Chinstrap\"",
        "... ",
        "        ",
        "... ",
        "        }",
        "... ",
        "        return d",
        "... ",
        "    ",
        "... ",
        "    @reactive.Calc",
        "... ",
        "    @reactive.event(input.predict)",
        "... ",
        "    def pred():",
        "... ",
        "        logging.info(\"Request Made\")",
        "... ",
        "        r = requests.post(api_url, json = [vals()])",
        "... ",
        "        logging.info(\"Request Returned\")",
        "... ",
        "        ",
        "... ",
        "        if r.status_code != 200:",
        "... ",
        "            logging.error(\"HTTP error returned\")",
        "... ",
        "            ",
        "... ",
        "        return r.json().get('predict')[0]",
        "... ",
        "        ",
        "... ",
        "    @output",
        "... ",
        "    @render.text",
        "... ",
        "    def vals_out():",
        "... ",
        "        return f\"{vals()}\"",
        "... ",
        "        ",
        "... ",
        "    @output",
        "... ",
        "    @render.text",
        "... ",
        "    def pred_out():",
        "... ",
        "        return f\"{round(pred())}\"",
        "... ",
        ">>> ",
        "quit",
        "Warning message:\nDatabase is garbage-collected, use dbDisconnect(con, shutdown=TRUE) or duckdb::duckdb_shutdown(drv) to avoid this. \n",
        "> ",
        "reticulate::source_python('~/School/Spring 2024/Math 378/Final Project/app_logging.py')",
        "sys:1: FutureWarning: Index.format is deprecated and will be removed in a future version. Convert using index.astype(str) or index.map(formatter) instead.\r\n",
        "> ",
        "reticulate::repl_python()",
        "Python 3.9.5 (C:/Users/C25Christina.Marquez/OneDrive - afacademy.af.edu/Documents/School/Spring 2024/Math 378/Final Project/.venv/Scripts/python.exe)\nReticulate 1.35.0 REPL -- A Python interpreter in R.\nEnter 'exit' or 'quit' to exit the REPL and return to R.\n",
        ">>> ",
        "        ui.panel_main(",
        "... ",
        "quit",
        "... ",
        "quit",
        "  File \"<string>\", line 2\n    quit\n        ^\nSyntaxError: unexpected EOF while parsing\n",
        "Use quit() or Ctrl-Z plus Return to exit\r\n",
        ">>> ",
        "con <- DBI::dbConnect(duckdb::duckdb(), dbname = \"my-db.duckdb\")",
        "  File \"<string>\", line 1\n    con <- DBI::dbConnect(duckdb::duckdb(), dbname = \"my-db.duckdb\")\n               ^\nSyntaxError: invalid syntax\n",
        ">>> ",
        "quit",
        "> ",
        "DBI::dbWriteTable(con, \"penguins\", palmerpenguins::penguins)",
        "Error in (function (classes, fdef, mtable)  : \n  unable to find an inherited method for function dbWriteTable for signature \"duckdb.duckdb.DuckDBPyConnection\", \"character\", \"tbl_df\"\n",
        "> ",
        "library(palmerpenguins)",
        "> ",
        "library(dplyr)",
        "> ",
        "library(ggplot2)",
        "> ",
        "library(DBI)",
        "> ",
        "library(duckdb)",
        "> ",
        "> ",
        "df <- palmerpenguins::penguins",
        "> ",
        "df %>%",
        "+ ",
        "  group_by(species, sex) %>%",
        "+ ",
        "  summarise(",
        "+ ",
        "    across(",
        "+ ",
        "      where(is.numeric), ",
        "+ ",
        "      \\(x) mean(x, na.rm = TRUE)",
        "+ ",
        "      )",
        "+ ",
        "    ) %>%",
        "+ ",
        "  knitr::kable()",
        "> ",
        "df %>%",
        "+ ",
        "  ggplot(aes(x = bill_length_mm, y = body_mass_g, color = species)) +",
        "+ ",
        "  geom_point() + ",
        "+ ",
        "  geom_smooth(method = \"lm\")",
        "> ",
        "con <- DBI::dbConnect(duckdb::duckdb(), dbname = \"my-db.duckdb\")",
        "> ",
        "DBI::dbWriteTable(con, \"penguins\", palmerpenguins::penguins)",
        "> ",
        "DBI::dbDisconnect(con)",
        "> ",
        "> ",
        "con <- DBI::dbConnect(duckdb::duckdb(), dbname = \"my-db.duckdb\")",
        "> ",
        "df <-dplyr::tbl(con,\"penguins\")",
        "\u001B[1m\u001B[33mError\u001B[39m in `db_query_fields.DBIConnection()`:\u001B[22m\n\u001B[1m\u001B[22m\u001B[33m!\u001B[39m Can't query fields.\n\u001B[1mCaused by error:\u001B[22m\n\u001B[33m!\u001B[39m rapi_prepare: Failed to prepare query SELECT *\nFROM penguins q03\nWHERE (0 = 1)\nError: Catalog Error: Table with name penguins does not exist!\nDid you mean \"pg_enum\"?\nLINE 2: FROM penguins q03\n             ^\nBacktrace:\n\u001B[90m  1. \u001B[39m\u001B[1mdplyr\u001B[22m::tbl(con, \"penguins\")\n\u001B[90m  4. \u001B[39mdplyr:::tbl.DBIConnection(con, \"penguins\")\n\u001B[90m  6. \u001B[39m\u001B[1mdbplyr\u001B[22m:::tbl.src_d",
        "bi(...)\n\u001B[90m  7. \u001B[39mdbplyr::tbl_sql(c(subclass, \"dbi\"), src = src, from = from, ...)\n\u001B[90m  9. \u001B[39mdbplyr:::dbplyr_query_fields(src$con, from)\n\u001B[90m 10. \u001B[39mdbplyr:::dbplyr_fallback(con, \"db_query_fields\", ...)\n\u001B[90m 12. \u001B[39m\u001B[1m\u001B[94mdbplyr:::db_query_fields.DBIConnection(\u001B[39m\u001B[22mcon, ...\u001B[1m\u001B[94m)\u001B[39m\u001B[22m\n",
        "> ",
        "con <- DBI::dbConnect(duckdb::duckdb(), dbname = \"my-db.duckdb\")",
        "> ",
        "DBI::dbWriteTable(con, \"penguins\", palmerpenguins::penguins)",
        "> ",
        "df <-dplyr::tbl(con,\"penguins\")",
        "> ",
        "> ",
        "df %>%",
        "+ ",
        "  group_by(species, sex) %>%",
        "+ ",
        "  summarise(",
        "+ ",
        "    across(",
        "+ ",
        "        ends_with(\"mm\") | ends_with(\"g\"),",
        "+ ",
        "      \\(x) mean(x, na.rm = TRUE)",
        "+ ",
        "      )",
        "+ ",
        "    ) %>%",
        "+ ",
        "  dplyr::collect() %>%",
        "+ ",
        "  knitr::kable()",
        "Warning: Connection is garbage-collected, use dbDisconnect() to avoid this.\nWarning: Database is garbage-collected, use dbDisconnect(con, shutdown=TRUE) or duckdb::duckdb_shutdown(drv) to avoid this.\n",
        "> ",
        "> ",
        "DBI::dbDisconnect(con)",
        "> ",
        "reticulate::repl_python()",
        "Python 3.9.5 (C:/Users/C25Christina.Marquez/OneDrive - afacademy.af.edu/Documents/School/Spring 2024/Math 378/Final Project/.venv/Scripts/python.exe)\nReticulate 1.35.0 REPL -- A Python interpreter in R.\nEnter 'exit' or 'quit' to exit the REPL and return to R.\n",
        ">>> ",
        "api_url = 'http://127.0.0.1:8080/predict'",
        "\nRestarting R session...\n\n",
        "- Project '~/School/Spring 2024/Math 378/Final Project' loaded. [renv 1.0.5]\n- The project is out-of-sync -- use `renv::status()` for details.\n",
        "Loading required package: duckdb\nLoading required package: DBI\n",
        "> ",
        "reticulate::repl_python()",
        "Python 3.9.5 (C:/Users/C25Christina.Marquez/OneDrive - afacademy.af.edu/Documents/School/Spring 2024/Math 378/Final Project/.venv/Scripts/python.exe)\nReticulate 1.35.0 REPL -- A Python interpreter in R.\nEnter 'exit' or 'quit' to exit the REPL and return to R.\n",
        ">>> ",
        "from shiny import App, render, ui, reactive",
        ">>> ",
        "import requests",
        ">>> ",
        "api_url = 'http://127.0.0.1:8080/predict'",
        ">>> ",
        "from shiny import App, render, ui, reactive",
        ">>> ",
        "import requests",
        ">>> ",
        ">>> ",
        "api_url = 'http://127.0.0.1:8080/predict'",
        ">>> ",
        ">>> ",
        "app_ui = ui.page_fluid(",
        "... ",
        "    ui.panel_title(\"Penguin Mass Predictor\"), ",
        "... ",
        "    ui.layout_sidebar(",
        "... ",
        "        ui.panel_sidebar(",
        "... ",
        "            [ui.input_slider(\"bill_length\", \"Bill Length (mm)\", 30, 60, 45, step = 0.1),",
        "... ",
        "            ui.input_select(\"sex\", \"Sex\", [\"Male\", \"Female\"]),",
        "... ",
        "            ui.input_select(\"species\", \"Species\", [\"Adelie\", \"Chinstrap\", \"Gentoo\"]),",
        "... ",
        "            ui.input_action_button(\"predict\", \"Predict\")]",
        "... ",
        "        ),",
        "... ",
        "        ui.panel_main(",
        "... ",
        "            ui.h2(\"Penguin Parameters\"),",
        "... ",
        "            ui.output_text_verbatim(\"vals_out\"),",
        "... ",
        "            ui.h2(\"Predicted Penguin Mass (g)\"), ",
        "... ",
        "            ui.output_text(\"pred_out\")",
        "... ",
        "        )",
        "... ",
        "    )   ",
        "... ",
        ")",
        ">>> ",
        ">>> ",
        ">>> ",
        "import logging",
        ">>> ",
        ">>> ",
        "logging.basicConfig(",
        "... ",
        "    format='%(asctime)s - %(message)s',",
        "... ",
        "    level=logging.INFO",
        "... ",
        ")",
        ">>> ",
        "def server(input, output, session):",
        "... ",
        "    logging.info(\"App start\")",
        "... ",
        "    ",
        "... ",
        "    @reactive.Calc",
        "... ",
        "    def vals():",
        "... ",
        "        d = {",
        "... ",
        "            \"bill_length_mm\" : input.bill_length(),",
        "... ",
        "            \"sex_male\" : input.sex() == \"Male\",",
        "... ",
        "            \"species_Gentoo\" : input.species() == \"Gentoo\", ",
        "... ",
        "            \"species_Chinstrap\" : input.species() == \"Chinstrap\"",
        "... ",
        "        ",
        "... ",
        "        }",
        "... ",
        "        return d",
        "... ",
        "    ",
        "... ",
        "    @reactive.Calc",
        "... ",
        "    @reactive.event(input.predict)",
        "... ",
        "    def pred():",
        "... ",
        "        logging.info(\"Request Made\")",
        "... ",
        "        r = requests.post(api_url, json = [vals()])",
        "... ",
        "        logging.info(\"Request Returned\")",
        "... ",
        "        ",
        "... ",
        "        if r.status_code != 200:",
        "... ",
        "            logging.error(\"HTTP error returned\")",
        "... ",
        "            ",
        "... ",
        "        return r.json().get('predict')[0]",
        "... ",
        "        ",
        "... ",
        "    @output",
        "... ",
        "    @render.text",
        "... ",
        "    def vals_out():",
        "... ",
        "        return f\"{vals()}\"",
        "... ",
        "        ",
        "... ",
        "    @output",
        "... ",
        "    @render.text",
        "... ",
        "    def pred_out():",
        "... ",
        "        return f\"{round(pred())}\"",
        "... ",
        "\nRestarting R session...\n\n",
        "- Project '~/School/Spring 2024/Math 378/Final Project' loaded. [renv 1.0.5]\n- The project is out-of-sync -- use `renv::status()` for details.\n",
        "Loading required package: duckdb\nLoading required package: DBI\n",
        "> ",
        "install.packages(\"usethis\")",
        "# Downloading packages -------------------------------------------------------\n- Downloading usethis from CRAN ...             OK [882.6 Kb in 1.6s]\n- Downloading desc from CRAN ...                OK [325.8 Kb in 0.9s]\n- Downloading gert from CRAN ...                OK [3.3 Mb in 2.3s]\n- Downloading credentials from CRAN ...         OK [216.7 Kb in 0.87s]\n- Downloading rstudioapi from CRAN ...          OK [318.1 Kb in 1.1s]\n- Downloading zip from CRAN ...                 OK [422.2 Kb in 1.5s]\n- Downloading ",
        "gh from CRAN ...                  OK [103.5 Kb in 0.87s]\n- Downloading gitcreds from CRAN ...            OK [97.5 Kb in 1.3s]\n- Downloading httr2 from CRAN ...               OK [534.6 Kb in 0.88s]\n- Downloading ini from CRAN ...                 OK [15.6 Kb in 0.75s]\nSuccessfully downloaded 10 packages in 17 seconds.\n\nThe following package(s) will be installed:\n- credentials [2.0.1]\n- desc        [1.4.3]\n- gert        [2.0.1]\n- gh          [1.4.0]\n- gitcreds    [0.1.2]\n- httr2       [1.0.0]\n- ini         [0.",
        "3.1]\n- rstudioapi  [0.15.0]\n- usethis     [2.2.3]\n- zip         [2.3.1]\nThese packages will be installed into \"~/School/Spring 2024/Math 378/Final Project/renv/library/R-4.3/x86_64-w64-mingw32\".\n\n",
        "Do you want to proceed? [Y/n]: ",
        "y",
        "\n# Installing packages --------------------------------------------------------\n- Installing desc ...                           OK [installed binary and cached in 0.62s]\n- Installing credentials ...                    OK [installed binary and cached in 0.71s]\n- Installing rstudioapi ...                     OK [installed binary and cached in 1.6s]\n- Installing zip ...                            OK [installed binary and cached in 0.71s]\n- Installing gert ...                           OK [installed binary and ",
        "cached in 2.5s]\n- Installing gitcreds ...                       OK [installed binary and cached in 0.6s]\n- Installing httr2 ...                          OK [installed binary and cached in 0.7s]\n- Installing ini ...                            OK [installed binary and cached in 0.58s]\n- Installing gh ...                             OK [installed binary and cached in 0.72s]\n- Installing usethis ...                        OK [installed binary and cached in 0.82s]\nSuccessfully installed 10 packages in 10 seconds",
        ".\n",
        "> ",
        "library(usethis)",
        "> ",
        "use_git_config(user.name = \"hunter-marquez\", user.email = \"c25hunter.marquez@afacademy.af.edu\")",
        "> ",
        "library(usethis)",
        "> ",
        "use_git_config(user.name = \"hunter-marquez\", user.email = \"c25hunter.marquez@afacademy.af.edu\")",
        "> ",
        "usethis::git_default_branch_configure()",
        "> ",
        "usethis::create_github_token()",
        "\nRestarting R session...\n\n"
    ]
}